TN:
SF:/Applications/Xcode.app/Contents/Developer/Toolchains/XcodeDefault.xctoolchain/usr/include/c++/v1/__locale
FN:228,_ZNSt3__19has_facetINS_7codecvtIcc11__mbstate_tEEEEbRKNS_6localeE
FN:236,_ZNSt3__19use_facetINS_5ctypeIcEEEERKT_RKNS_6localeE
FN:236,_ZNSt3__19use_facetINS_7codecvtIcc11__mbstate_tEEEERKT_RKNS_6localeE
FN:651,_ZNKSt3__15ctypeIcE5widenEc
FN:886,_ZNKSt3__17codecvtIcc11__mbstate_tE3outERS1_PKcS5_RS5_PcS7_RS7_
FN:894,_ZNKSt3__17codecvtIcc11__mbstate_tE7unshiftERS1_PcS4_RS4_
FN:901,_ZNKSt3__17codecvtIcc11__mbstate_tE2inERS1_PKcS5_RS5_PcS7_RS7_
FN:909,_ZNKSt3__17codecvtIcc11__mbstate_tE8encodingEv
FN:915,_ZNKSt3__17codecvtIcc11__mbstate_tE13always_noconvEv
FN:921,_ZNKSt3__17codecvtIcc11__mbstate_tE6lengthERS1_PKcS5_m
FNDA:5,_ZNSt3__19has_facetINS_7codecvtIcc11__mbstate_tEEEEbRKNS_6localeE
FNDA:5,_ZNSt3__19use_facetINS_7codecvtIcc11__mbstate_tEEEERKT_RKNS_6localeE
FNDA:61,_ZNSt3__19use_facetINS_5ctypeIcEEEERKT_RKNS_6localeE
FNDA:61,_ZNKSt3__15ctypeIcE5widenEc
FNDA:0,_ZNKSt3__17codecvtIcc11__mbstate_tE3outERS1_PKcS5_RS5_PcS7_RS7_
FNDA:0,_ZNKSt3__17codecvtIcc11__mbstate_tE7unshiftERS1_PcS4_RS4_
FNDA:0,_ZNKSt3__17codecvtIcc11__mbstate_tE2inERS1_PKcS5_RS5_PcS7_RS7_
FNDA:0,_ZNKSt3__17codecvtIcc11__mbstate_tE8encodingEv
FNDA:5,_ZNKSt3__17codecvtIcc11__mbstate_tE13always_noconvEv
FNDA:0,_ZNKSt3__17codecvtIcc11__mbstate_tE6lengthERS1_PKcS5_m
FNF:10
FNH:5
DA:230,10
DA:238,66
DA:653,61
DA:890,0
DA:897,0
DA:905,0
DA:911,0
DA:917,5
DA:923,0
LF:9
LH:4
end_of_record
SF:/Applications/Xcode.app/Contents/Developer/Toolchains/XcodeDefault.xctoolchain/usr/include/c++/v1/__split_buffer
FN:56,_ZNSt3__114__split_bufferINS_12basic_stringIcNS_11char_traitsIcEENS_9allocatorIcEEEERNS4_IS6_EEE7__allocEv
FN:56,_ZNSt3__114__split_bufferIN6errorx13SequenceQueryERNS_9allocatorIS2_EEE7__allocEv
FN:58,_ZNSt3__114__split_bufferINS_12basic_stringIcNS_11char_traitsIcEENS_9allocatorIcEEEERNS4_IS6_EEE9__end_capEv
FN:58,_ZNSt3__114__split_bufferIN6errorx13SequenceQueryERNS_9allocatorIS2_EEE9__end_capEv
FN:59,_ZNKSt3__114__split_bufferINS_12basic_stringIcNS_11char_traitsIcEENS_9allocatorIcEEEERNS4_IS6_EEE9__end_capEv
FN:59,_ZNKSt3__114__split_bufferIN6errorx13SequenceQueryERNS_9allocatorIS2_EEE9__end_capEv
FN:87,_ZNSt3__114__split_bufferIN6errorx13SequenceQueryERNS_9allocatorIS2_EEE5clearEv
FN:87,_ZNSt3__114__split_bufferINS_12basic_stringIcNS_11char_traitsIcEENS_9allocatorIcEEEERNS4_IS6_EEE5clearEv
FN:91,_ZNKSt3__114__split_bufferINS_12basic_stringIcNS_11char_traitsIcEENS_9allocatorIcEEEERNS4_IS6_EEE8capacityEv
FN:91,_ZNKSt3__114__split_bufferIN6errorx13SequenceQueryERNS_9allocatorIS2_EEE8capacityEv
FN:140,_ZNSt3__114__split_bufferINS_12basic_stringIcNS_11char_traitsIcEENS_9allocatorIcEEEERNS4_IS6_EEE17__destruct_at_endEPS6_
FN:140,_ZNSt3__114__split_bufferIN6errorx13SequenceQueryERNS_9allocatorIS2_EEE17__destruct_at_endEPS2_
FN:293,_ZNSt3__114__split_bufferIN6errorx13SequenceQueryERNS_9allocatorIS2_EEE17__destruct_at_endEPS2_NS_17integral_constantIbLb0EEE
FN:293,_ZNSt3__114__split_bufferINS_12basic_stringIcNS_11char_traitsIcEENS_9allocatorIcEEEERNS4_IS6_EEE17__destruct_at_endEPS6_NS_17integral_constantIbLb0EEE
FN:308,_ZNSt3__114__split_bufferINS_12basic_stringIcNS_11char_traitsIcEENS_9allocatorIcEEEERNS4_IS6_EEEC1EmmS8_
FN:308,_ZNSt3__114__split_bufferINS_12basic_stringIcNS_11char_traitsIcEENS_9allocatorIcEEEERNS4_IS6_EEEC2EmmS8_
FN:308,_ZNSt3__114__split_bufferIN6errorx13SequenceQueryERNS_9allocatorIS2_EEEC2EmmS5_
FN:308,_ZNSt3__114__split_bufferIN6errorx13SequenceQueryERNS_9allocatorIS2_EEEC1EmmS5_
FN:339,_ZNSt3__114__split_bufferIN6errorx13SequenceQueryERNS_9allocatorIS2_EEED1Ev
FN:339,_ZNSt3__114__split_bufferINS_12basic_stringIcNS_11char_traitsIcEENS_9allocatorIcEEEERNS4_IS6_EEED1Ev
FN:339,_ZNSt3__114__split_bufferIN6errorx13SequenceQueryERNS_9allocatorIS2_EEED2Ev
FN:339,_ZNSt3__114__split_bufferINS_12basic_stringIcNS_11char_traitsIcEENS_9allocatorIcEEEERNS4_IS6_EEED2Ev
FNDA:440,_ZNSt3__114__split_bufferINS_12basic_stringIcNS_11char_traitsIcEENS_9allocatorIcEEEERNS4_IS6_EEE7__allocEv
FNDA:2,_ZNSt3__114__split_bufferIN6errorx13SequenceQueryERNS_9allocatorIS2_EEE7__allocEv
FNDA:440,_ZNSt3__114__split_bufferINS_12basic_stringIcNS_11char_traitsIcEENS_9allocatorIcEEEERNS4_IS6_EEE9__end_capEv
FNDA:4,_ZNSt3__114__split_bufferIN6errorx13SequenceQueryERNS_9allocatorIS2_EEE9__end_capEv
FNDA:110,_ZNKSt3__114__split_bufferINS_12basic_stringIcNS_11char_traitsIcEENS_9allocatorIcEEEERNS4_IS6_EEE9__end_capEv
FNDA:0,_ZNKSt3__114__split_bufferIN6errorx13SequenceQueryERNS_9allocatorIS2_EEE9__end_capEv
FNDA:220,_ZNSt3__114__split_bufferINS_12basic_stringIcNS_11char_traitsIcEENS_9allocatorIcEEEERNS4_IS6_EEE5clearEv
FNDA:2,_ZNSt3__114__split_bufferIN6errorx13SequenceQueryERNS_9allocatorIS2_EEE5clearEv
FNDA:110,_ZNKSt3__114__split_bufferINS_12basic_stringIcNS_11char_traitsIcEENS_9allocatorIcEEEERNS4_IS6_EEE8capacityEv
FNDA:0,_ZNKSt3__114__split_bufferIN6errorx13SequenceQueryERNS_9allocatorIS2_EEE8capacityEv
FNDA:220,_ZNSt3__114__split_bufferINS_12basic_stringIcNS_11char_traitsIcEENS_9allocatorIcEEEERNS4_IS6_EEE17__destruct_at_endEPS6_
FNDA:2,_ZNSt3__114__split_bufferIN6errorx13SequenceQueryERNS_9allocatorIS2_EEE17__destruct_at_endEPS2_
FNDA:220,_ZNSt3__114__split_bufferINS_12basic_stringIcNS_11char_traitsIcEENS_9allocatorIcEEEERNS4_IS6_EEE17__destruct_at_endEPS6_NS_17integral_constantIbLb0EEE
FNDA:2,_ZNSt3__114__split_bufferIN6errorx13SequenceQueryERNS_9allocatorIS2_EEE17__destruct_at_endEPS2_NS_17integral_constantIbLb0EEE
FNDA:220,_ZNSt3__114__split_bufferINS_12basic_stringIcNS_11char_traitsIcEENS_9allocatorIcEEEERNS4_IS6_EEEC1EmmS8_
FNDA:220,_ZNSt3__114__split_bufferINS_12basic_stringIcNS_11char_traitsIcEENS_9allocatorIcEEEERNS4_IS6_EEEC2EmmS8_
FNDA:2,_ZNSt3__114__split_bufferIN6errorx13SequenceQueryERNS_9allocatorIS2_EEEC1EmmS5_
FNDA:2,_ZNSt3__114__split_bufferIN6errorx13SequenceQueryERNS_9allocatorIS2_EEEC2EmmS5_
FNDA:220,_ZNSt3__114__split_bufferINS_12basic_stringIcNS_11char_traitsIcEENS_9allocatorIcEEEERNS4_IS6_EEED1Ev
FNDA:220,_ZNSt3__114__split_bufferINS_12basic_stringIcNS_11char_traitsIcEENS_9allocatorIcEEEERNS4_IS6_EEED2Ev
FNDA:2,_ZNSt3__114__split_bufferIN6errorx13SequenceQueryERNS_9allocatorIS2_EEED1Ev
FNDA:2,_ZNSt3__114__split_bufferIN6errorx13SequenceQueryERNS_9allocatorIS2_EEED2Ev
FNF:22
FNH:20
DA:56,442
DA:58,444
DA:59,110
DA:88,222
DA:91,110
DA:141,222
DA:295,664
DA:296,110
DA:297,222
DA:309,222
DA:310,444
DA:311,666
DA:312,222
DA:313,222
DA:314,444
DA:340,222
DA:341,222
DA:342,222
DA:343,220
DA:344,444
LF:20
LH:20
end_of_record
SF:/Applications/Xcode.app/Contents/Developer/Toolchains/XcodeDefault.xctoolchain/usr/include/c++/v1/__string
FN:208,_ZNSt3__111char_traitsIcE6assignERcRKc
FN:209,_ZNSt3__111char_traitsIcE2eqEcc
FN:217,_ZNSt3__111char_traitsIcE6lengthEPKc
FN:230,_ZNSt3__111char_traitsIcE7not_eofEi
FN:232,_ZNSt3__111char_traitsIcE12to_char_typeEi
FN:234,_ZNSt3__111char_traitsIcE11to_int_typeEc
FN:236,_ZNSt3__111char_traitsIcE11eq_int_typeEii
FN:238,_ZNSt3__111char_traitsIcE3eofEv
FN:244,_ZNSt3__111char_traitsIcE7compareEPKcS3_m
FNDA:445,_ZNSt3__111char_traitsIcE6assignERcRKc
FNDA:385,_ZNSt3__111char_traitsIcE2eqEcc
FNDA:117,_ZNSt3__111char_traitsIcE6lengthEPKc
FNDA:0,_ZNSt3__111char_traitsIcE7not_eofEi
FNDA:385,_ZNSt3__111char_traitsIcE12to_char_typeEi
FNDA:385,_ZNSt3__111char_traitsIcE11to_int_typeEc
FNDA:403,_ZNSt3__111char_traitsIcE11eq_int_typeEii
FNDA:418,_ZNSt3__111char_traitsIcE3eofEv
FNDA:6,_ZNSt3__111char_traitsIcE7compareEPKcS3_m
FNF:9
FNH:8
DA:208,445
DA:210,385
DA:217,117
DA:231,0
DA:233,385
DA:235,385
DA:237,403
DA:239,836
DA:246,6
DA:247,0
DA:249,6
DA:262,6
LF:12
LH:10
end_of_record
SF:/Applications/Xcode.app/Contents/Developer/Toolchains/XcodeDefault.xctoolchain/usr/include/c++/v1/algorithm
FN:682,_ZNKSt3__110__equal_toIccEclERKcS3_
FN:719,_ZNKSt3__16__lessImmEclERKmS3_
FN:719,_ZNKSt3__16__lessIPcS1_EclERKS1_S4_
FN:719,_ZNKSt3__16__lessIllEclERKlS3_
FN:719,_ZNKSt3__16__lessIccEclERKcS3_
FN:1007,_ZNSt3__17find_ifINS_11__wrap_iterIPcEEN5boost9algorithm6detail10is_any_ofFIcEEEET_S9_S9_T0_
FN:1322,_ZNSt3__15equalINS_11__wrap_iterIPcEES3_NS_10__equal_toIccEEEEbT_S6_T0_T1_
FN:1333,_ZNSt3__15equalINS_11__wrap_iterIPcEES3_EEbT_S4_T0_
FN:1759,_ZNSt3__113__unwrap_iterIPcEET_S2_
FN:1759,_ZNSt3__113__unwrap_iterINS_11__wrap_iterIPKcEEEET_S5_
FN:1809,_ZNSt3__16__copyINS_11__wrap_iterIPKcEEPcEET0_T_S7_S6_
FN:1835,_ZNSt3__14copyINS_11__wrap_iterIPKcEEPcEET0_T_S7_S6_
FN:2644,_ZNSt3__13minImNS_6__lessImmEEEERKT_S5_S5_T0_
FN:2652,_ZNSt3__13minImEERKT_S3_S3_
FN:2709,_ZNSt3__13maxIlNS_6__lessIllEEEERKT_S5_S5_T0_
FN:2709,_ZNSt3__13maxImNS_6__lessImmEEEERKT_S5_S5_T0_
FN:2709,_ZNSt3__13maxIPcNS_6__lessIS1_S1_EEEERKT_S6_S6_T0_
FN:2717,_ZNSt3__13maxImEERKT_S3_S3_
FN:2717,_ZNSt3__13maxIlEERKT_S3_S3_
FN:2717,_ZNSt3__13maxIPcEERKT_S4_S4_
FN:4193,_ZNSt3__14sortIPcNS_6__lessIccEEEEvT_S4_T0_
FN:4208,_ZNSt3__14sortIPcEEvT_S2_
FN:4276,_ZNSt3__113__lower_boundIRNS_6__lessIccEEPKccEET0_S6_S6_RKT1_T_
FN:4433,_ZNSt3__115__binary_searchIRNS_6__lessIccEEPKccEEbT0_S6_RKT1_T_
FN:4442,_ZNSt3__113binary_searchIPKccNS_6__lessIccEEEEbT_S5_RKT0_T1_
FN:4457,_ZNSt3__113binary_searchIPKccEEbT_S3_RKT0_
FNDA:0,_ZNKSt3__110__equal_toIccEclERKcS3_
FNDA:0,_ZNKSt3__16__lessIllEclERKlS3_
FNDA:457,_ZNKSt3__16__lessImmEclERKmS3_
FNDA:88622,_ZNKSt3__16__lessIccEclERKcS3_
FNDA:0,_ZNKSt3__16__lessIPcS1_EclERKS1_S4_
FNDA:6489,_ZNSt3__17find_ifINS_11__wrap_iterIPcEEN5boost9algorithm6detail10is_any_ofFIcEEEET_S9_S9_T0_
FNDA:0,_ZNSt3__15equalINS_11__wrap_iterIPcEES3_NS_10__equal_toIccEEEEbT_S6_T0_T1_
FNDA:0,_ZNSt3__15equalINS_11__wrap_iterIPcEES3_EEbT_S4_T0_
FNDA:110,_ZNSt3__113__unwrap_iterINS_11__wrap_iterIPKcEEEET_S5_
FNDA:55,_ZNSt3__113__unwrap_iterIPcEET_S2_
FNDA:55,_ZNSt3__16__copyINS_11__wrap_iterIPKcEEPcEET0_T_S7_S6_
FNDA:55,_ZNSt3__14copyINS_11__wrap_iterIPKcEEPcEET0_T_S7_S6_
FNDA:235,_ZNSt3__13minImNS_6__lessImmEEEERKT_S5_S5_T0_
FNDA:235,_ZNSt3__13minImEERKT_S3_S3_
FNDA:0,_ZNSt3__13maxIlNS_6__lessIllEEEERKT_S5_S5_T0_
FNDA:222,_ZNSt3__13maxImNS_6__lessImmEEEERKT_S5_S5_T0_
FNDA:0,_ZNSt3__13maxIPcNS_6__lessIS1_S1_EEEERKT_S6_S6_T0_
FNDA:0,_ZNSt3__13maxIlEERKT_S3_S3_
FNDA:222,_ZNSt3__13maxImEERKT_S3_S3_
FNDA:0,_ZNSt3__13maxIPcEERKT_S4_S4_
FNDA:55,_ZNSt3__14sortIPcNS_6__lessIccEEEEvT_S4_T0_
FNDA:55,_ZNSt3__14sortIPcEEvT_S2_
FNDA:65732,_ZNSt3__113__lower_boundIRNS_6__lessIccEEPKccEET0_S6_S6_RKT1_T_
FNDA:65732,_ZNSt3__115__binary_searchIRNS_6__lessIccEEPKccEEbT0_S6_RKT1_T_
FNDA:65732,_ZNSt3__113binary_searchIPKccNS_6__lessIccEEEEbT_S5_RKT0_T1_
FNDA:65732,_ZNSt3__113binary_searchIPKccEEbT_S3_RKT0_
FNF:26
FNH:17
DA:682,0
DA:719,89079
DA:1009,112106
DA:1010,104525
DA:1011,5397
DA:1012,6489
DA:1324,0
DA:1325,0
DA:1326,0
DA:1327,0
DA:1328,0
DA:1337,0
DA:1761,165
DA:1811,330
DA:1812,110
DA:1813,55
DA:1837,55
DA:2646,705
DA:2654,235
DA:2711,666
DA:2719,222
DA:4201,55
DA:4203,55
DA:4210,55
DA:4211,55
DA:4279,65732
DA:4280,284580
DA:4282,76558
DA:4283,76558
DA:4284,76558
DA:4285,76558
DA:4287,61352
DA:4288,61352
DA:4289,61352
DA:4291,15206
DA:4293,65732
DA:4435,65732
DA:4436,143528
DA:4450,65732
DA:4459,65732
LF:40
LH:33
end_of_record
SF:/Applications/Xcode.app/Contents/Developer/Toolchains/XcodeDefault.xctoolchain/usr/include/c++/v1/exception
FN:97,_ZNSt9exceptionC2ERKS_
FNDA:0,_ZNSt9exceptionC2ERKS_
FNF:1
FNH:0
DA:97,0
LF:1
LH:0
end_of_record
SF:/Applications/Xcode.app/Contents/Developer/Toolchains/XcodeDefault.xctoolchain/usr/include/c++/v1/fstream
FN:256,_ZNSt3__113basic_filebufIcNS_11char_traitsIcEEEC2Ev
FN:256,_ZNSt3__113basic_filebufIcNS_11char_traitsIcEEEC1Ev
FN:360,_ZNSt3__113basic_filebufIcNS_11char_traitsIcEEED2Ev
FN:360,_ZNSt3__113basic_filebufIcNS_11char_traitsIcEEED1Ev
FN:360,_ZNSt3__113basic_filebufIcNS_11char_traitsIcEEED0Ev
FN:476,_ZNSt3__113basic_filebufIcNS_11char_traitsIcEEE4openEPKcj
FN:565,_ZNSt3__113basic_filebufIcNS_11char_traitsIcEEE5closeEv
FN:584,_ZNSt3__113basic_filebufIcNS_11char_traitsIcEEE9underflowEv
FN:654,_ZNSt3__113basic_filebufIcNS_11char_traitsIcEEE9pbackfailEi
FN:676,_ZNSt3__113basic_filebufIcNS_11char_traitsIcEEE8overflowEi
FN:741,_ZNSt3__113basic_filebufIcNS_11char_traitsIcEEE6setbufEPcl
FN:794,_ZNSt3__113basic_filebufIcNS_11char_traitsIcEEE7seekoffExNS_8ios_base7seekdirEj
FN:834,_ZNSt3__113basic_filebufIcNS_11char_traitsIcEEE7seekposENS_4fposI11__mbstate_tEEj
FN:851,_ZNSt3__113basic_filebufIcNS_11char_traitsIcEEE4syncEv
FN:920,_ZNSt3__113basic_filebufIcNS_11char_traitsIcEEE5imbueERKNS_6localeE
FN:964,_ZNSt3__113basic_filebufIcNS_11char_traitsIcEEE11__read_modeEv
FN:983,_ZNSt3__113basic_filebufIcNS_11char_traitsIcEEE12__write_modeEv
FN:1050,_ZNSt3__114basic_ifstreamIcNS_11char_traitsIcEEEC1Ev
FN:1058,_ZNSt3__114basic_ifstreamIcNS_11char_traitsIcEEEC1EPKcj
FN:1134,_ZNSt3__114basic_ifstreamIcNS_11char_traitsIcEEE4openEPKcj
FNDA:5,_ZNSt3__113basic_filebufIcNS_11char_traitsIcEEEC1Ev
FNDA:5,_ZNSt3__113basic_filebufIcNS_11char_traitsIcEEEC2Ev
FNDA:5,_ZNSt3__113basic_filebufIcNS_11char_traitsIcEEED1Ev
FNDA:0,_ZNSt3__113basic_filebufIcNS_11char_traitsIcEEED0Ev
FNDA:5,_ZNSt3__113basic_filebufIcNS_11char_traitsIcEEED2Ev
FNDA:5,_ZNSt3__113basic_filebufIcNS_11char_traitsIcEEE4openEPKcj
FNDA:5,_ZNSt3__113basic_filebufIcNS_11char_traitsIcEEE5closeEv
FNDA:10,_ZNSt3__113basic_filebufIcNS_11char_traitsIcEEE9underflowEv
FNDA:0,_ZNSt3__113basic_filebufIcNS_11char_traitsIcEEE9pbackfailEi
FNDA:0,_ZNSt3__113basic_filebufIcNS_11char_traitsIcEEE8overflowEi
FNDA:5,_ZNSt3__113basic_filebufIcNS_11char_traitsIcEEE6setbufEPcl
FNDA:0,_ZNSt3__113basic_filebufIcNS_11char_traitsIcEEE7seekoffExNS_8ios_base7seekdirEj
FNDA:0,_ZNSt3__113basic_filebufIcNS_11char_traitsIcEEE7seekposENS_4fposI11__mbstate_tEEj
FNDA:5,_ZNSt3__113basic_filebufIcNS_11char_traitsIcEEE4syncEv
FNDA:0,_ZNSt3__113basic_filebufIcNS_11char_traitsIcEEE5imbueERKNS_6localeE
FNDA:10,_ZNSt3__113basic_filebufIcNS_11char_traitsIcEEE11__read_modeEv
FNDA:0,_ZNSt3__113basic_filebufIcNS_11char_traitsIcEEE12__write_modeEv
FNDA:0,_ZNSt3__114basic_ifstreamIcNS_11char_traitsIcEEEC1Ev
FNDA:5,_ZNSt3__114basic_ifstreamIcNS_11char_traitsIcEEEC1EPKcj
FNDA:0,_ZNSt3__114basic_ifstreamIcNS_11char_traitsIcEEE4openEPKcj
FNF:20
FNH:11
DA:197,5
DA:257,5
DA:258,5
DA:259,5
DA:260,5
DA:261,5
DA:262,5
DA:263,5
DA:264,5
DA:265,5
DA:266,5
DA:267,5
DA:268,5
DA:269,5
DA:270,5
DA:271,5
DA:272,15
DA:273,10
DA:275,15
DA:276,5
DA:277,5
DA:278,5
DA:279,10
DA:361,10
DA:366,5
DA:368,5
DA:371,0
DA:373,5
DA:374,15
DA:375,5
DA:376,0
DA:377,10
DA:478,5
DA:479,5
DA:481,5
DA:483,5
DA:487,0
DA:488,0
DA:491,0
DA:492,0
DA:494,5
DA:495,5
DA:497,0
DA:498,0
DA:500,0
DA:501,0
DA:504,0
DA:505,0
DA:508,0
DA:509,0
DA:512,0
DA:513,0
DA:515,0
DA:516,0
DA:518,0
DA:519,0
DA:521,0
DA:522,0
DA:525,0
DA:526,0
DA:528,0
DA:529,0
DA:531,5
DA:533,5
DA:534,5
DA:536,5
DA:537,5
DA:539,0
DA:541,0
DA:542,0
DA:543,0
DA:544,0
DA:545,0
DA:546,5
DA:548,0
DA:549,5
DA:550,5
DA:551,5
DA:567,5
DA:568,5
DA:570,5
DA:571,5
DA:572,10
DA:573,0
DA:574,10
DA:575,5
DA:577,0
DA:578,5
DA:579,5
DA:580,0
DA:586,10
DA:587,0
DA:588,10
DA:590,10
DA:591,0
DA:592,30
DA:593,10
DA:594,10
DA:596,10
DA:597,10
DA:599,10
DA:600,10
DA:601,10
DA:603,10
DA:604,5
DA:605,5
DA:606,5
DA:607,5
DA:608,10
DA:612,0
DA:613,0
DA:614,0
DA:615,0
DA:616,0
DA:617,0
DA:619,0
DA:620,0
DA:621,0
DA:623,0
DA:624,0
DA:626,0
DA:628,0
DA:629,0
DA:630,0
DA:631,0
DA:633,0
DA:634,0
DA:635,0
DA:636,0
DA:637,0
DA:639,0
DA:640,0
DA:641,0
DA:642,0
DA:644,10
DA:646,0
DA:647,10
DA:648,0
DA:649,10
DA:650,10
DA:656,0
DA:658,0
DA:660,0
DA:661,0
DA:663,0
DA:664,0
DA:666,0
DA:667,0
DA:668,0
DA:670,0
DA:671,0
DA:672,0
DA:678,0
DA:679,0
DA:680,0
DA:682,0
DA:683,0
DA:684,0
DA:686,0
DA:687,0
DA:688,0
DA:689,0
DA:690,0
DA:691,0
DA:693,0
DA:695,0
DA:696,0
DA:697,0
DA:698,0
DA:701,0
DA:703,0
DA:705,0
DA:706,0
DA:709,0
DA:710,0
DA:711,0
DA:712,0
DA:713,0
DA:715,0
DA:716,0
DA:717,0
DA:718,0
DA:719,0
DA:721,0
DA:722,0
DA:723,0
DA:724,0
DA:726,0
DA:727,0
DA:728,0
DA:729,0
DA:731,0
DA:732,0
DA:734,0
DA:735,0
DA:736,0
DA:737,0
DA:743,5
DA:744,5
DA:745,5
DA:746,0
DA:747,5
DA:748,0
DA:749,5
DA:750,5
DA:752,10
DA:754,0
DA:755,0
DA:756,0
DA:759,5
DA:760,5
DA:762,5
DA:765,0
DA:766,0
DA:767,0
DA:769,5
DA:771,0
DA:772,0
DA:774,0
DA:775,0
DA:776,0
DA:779,0
DA:780,0
DA:782,0
DA:785,5
DA:786,5
DA:787,5
DA:789,5
DA:797,0
DA:798,0
DA:800,0
DA:801,0
DA:802,0
DA:805,0
DA:808,0
DA:809,0
DA:811,0
DA:812,0
DA:814,0
DA:815,0
DA:817,0
DA:824,0
DA:825,0
DA:826,0
DA:828,0
DA:829,0
DA:830,0
DA:836,0
DA:837,0
DA:842,0
DA:843,0
DA:845,0
DA:846,0
DA:847,0
DA:853,5
DA:854,0
DA:855,5
DA:856,0
DA:858,5
DA:860,0
DA:861,0
DA:862,0
DA:864,0
DA:867,0
DA:868,0
DA:869,0
DA:870,0
DA:871,0
DA:872,0
DA:873,0
DA:874,0
DA:875,0
DA:876,0
DA:877,5
DA:880,5
DA:881,5
DA:882,5
DA:883,5
DA:886,0
DA:887,0
DA:888,0
DA:889,0
DA:892,0
DA:894,0
DA:895,0
DA:896,0
DA:897,0
DA:898,0
DA:899,0
DA:906,5
DA:907,0
DA:909,5
DA:910,0
DA:911,5
DA:912,5
DA:913,5
DA:914,5
DA:915,5
DA:916,5
DA:922,0
DA:923,0
DA:924,0
DA:925,0
DA:926,0
DA:928,0
DA:929,0
DA:931,0
DA:933,0
DA:934,0
DA:935,0
DA:936,0
DA:937,0
DA:938,0
DA:939,0
DA:940,0
DA:941,0
DA:944,0
DA:946,0
DA:947,0
DA:948,0
DA:949,0
DA:950,0
DA:951,0
DA:954,0
DA:955,0
DA:956,0
DA:959,0
DA:960,0
DA:966,10
DA:968,5
DA:969,5
DA:970,10
DA:971,5
DA:972,5
DA:974,0
DA:975,5
DA:976,5
DA:978,5
DA:979,10
DA:985,0
DA:987,0
DA:988,0
DA:990,0
DA:991,0
DA:992,0
DA:994,0
DA:995,0
DA:997,0
DA:998,0
DA:999,0
DA:1000,0
DA:1016,0
DA:1019,10
DA:1051,0
DA:1052,0
DA:1053,0
DA:1059,5
DA:1060,15
DA:1061,10
DA:1062,0
DA:1063,5
DA:1136,0
DA:1137,0
DA:1139,0
DA:1140,0
LF:365
LH:121
end_of_record
SF:/Applications/Xcode.app/Contents/Developer/Toolchains/XcodeDefault.xctoolchain/usr/include/c++/v1/initializer_list
FN:85,_ZNKSt16initializer_listINSt3__112basic_stringIcNS0_11char_traitsIcEENS0_9allocatorIcEEEEE4sizeEv
FN:89,_ZNKSt16initializer_listINSt3__112basic_stringIcNS0_11char_traitsIcEENS0_9allocatorIcEEEEE5beginEv
FN:93,_ZNKSt16initializer_listINSt3__112basic_stringIcNS0_11char_traitsIcEENS0_9allocatorIcEEEEE3endEv
FNDA:24,_ZNKSt16initializer_listINSt3__112basic_stringIcNS0_11char_traitsIcEENS0_9allocatorIcEEEEE4sizeEv
FNDA:8,_ZNKSt16initializer_listINSt3__112basic_stringIcNS0_11char_traitsIcEENS0_9allocatorIcEEEEE5beginEv
FNDA:8,_ZNKSt16initializer_listINSt3__112basic_stringIcNS0_11char_traitsIcEENS0_9allocatorIcEEEEE3endEv
FNF:3
FNH:3
DA:85,24
DA:89,8
DA:93,8
LF:3
LH:3
end_of_record
SF:/Applications/Xcode.app/Contents/Developer/Toolchains/XcodeDefault.xctoolchain/usr/include/c++/v1/ios
FN:336,_ZNSt3__18ios_baseC2Ev
FN:340,_ZNKSt3__18ios_base5rdbufEv
FN:440,_ZNKSt3__18ios_base5flagsEv
FN:502,_ZNKSt3__18ios_base5widthEv
FN:509,_ZNSt3__18ios_base5widthEl
FN:527,_ZNSt3__18ios_base8setstateEj
FN:548,_ZNKSt3__18ios_base4failEv
FN:605,_ZNKSt3__19basic_iosIcNS_11char_traitsIcEEEcvbEv
FN:608,_ZNKSt3__19basic_iosIcNS_11char_traitsIcEEEntEv
FN:610,_ZNSt3__19basic_iosIcNS_11char_traitsIcEEE5clearEj
FN:611,_ZNSt3__19basic_iosIcNS_11char_traitsIcEEE8setstateEj
FN:614,_ZNKSt3__19basic_iosIcNS_11char_traitsIcEEE4failEv
FN:653,_ZNSt3__19basic_iosIcNS_11char_traitsIcEEEC2Ev
FN:688,_ZNSt3__19basic_iosIcNS_11char_traitsIcEEE4initEPNS_15basic_streambufIcS2_EE
FN:716,_ZNKSt3__19basic_iosIcNS_11char_traitsIcEEE5rdbufEv
FN:754,_ZNKSt3__19basic_iosIcNS_11char_traitsIcEEE5widenEc
FN:762,_ZNKSt3__19basic_iosIcNS_11char_traitsIcEEE4fillEv
FNDA:5,_ZNSt3__18ios_baseC2Ev
FNDA:403,_ZNKSt3__18ios_base5rdbufEv
FNDA:13,_ZNKSt3__18ios_base5flagsEv
FNDA:13,_ZNKSt3__18ios_base5widthEv
FNDA:13,_ZNSt3__18ios_base5widthEl
FNDA:60,_ZNSt3__18ios_base8setstateEj
FNDA:60,_ZNKSt3__18ios_base4failEv
FNDA:60,_ZNKSt3__19basic_iosIcNS_11char_traitsIcEEEcvbEv
FNDA:0,_ZNKSt3__19basic_iosIcNS_11char_traitsIcEEEntEv
FNDA:0,_ZNSt3__19basic_iosIcNS_11char_traitsIcEEE5clearEj
FNDA:60,_ZNSt3__19basic_iosIcNS_11char_traitsIcEEE8setstateEj
FNDA:60,_ZNKSt3__19basic_iosIcNS_11char_traitsIcEEE4failEv
FNDA:5,_ZNSt3__19basic_iosIcNS_11char_traitsIcEEEC2Ev
FNDA:5,_ZNSt3__19basic_iosIcNS_11char_traitsIcEEE4initEPNS_15basic_streambufIcS2_EE
FNDA:403,_ZNKSt3__19basic_iosIcNS_11char_traitsIcEEE5rdbufEv
FNDA:61,_ZNKSt3__19basic_iosIcNS_11char_traitsIcEEE5widenEc
FNDA:13,_ZNKSt3__19basic_iosIcNS_11char_traitsIcEEE4fillEv
FNF:17
FNH:15
DA:336,5
DA:337,5
DA:340,403
DA:442,13
DA:504,13
DA:511,13
DA:512,13
DA:513,13
DA:529,60
DA:530,60
DA:550,60
DA:605,60
DA:608,0
DA:610,0
DA:611,60
DA:614,60
DA:653,5
DA:654,5
DA:690,5
DA:691,5
DA:692,5
DA:693,5
DA:718,403
DA:756,183
DA:757,0
DA:764,13
DA:765,1
DA:766,13
LF:28
LH:25
end_of_record
SF:/Applications/Xcode.app/Contents/Developer/Toolchains/XcodeDefault.xctoolchain/usr/include/c++/v1/iosfwd
FN:117,_ZNSt3__115basic_stringbufIcNS_11char_traitsIcEENS_9allocatorIcEEED2Ev
FN:117,_ZNSt3__115basic_stringbufIcNS_11char_traitsIcEENS_9allocatorIcEEED0Ev
FN:117,_ZNSt3__115basic_stringbufIcNS_11char_traitsIcEENS_9allocatorIcEEED1Ev
FN:123,_ZNSt3__119basic_ostringstreamIcNS_11char_traitsIcEENS_9allocatorIcEEED2Ev
FN:123,_ZNSt3__119basic_ostringstreamIcNS_11char_traitsIcEENS_9allocatorIcEEED1Ev
FN:123,_ZNSt3__119basic_ostringstreamIcNS_11char_traitsIcEENS_9allocatorIcEEED0Ev
FN:131,_ZNSt3__114basic_ifstreamIcNS_11char_traitsIcEEED2Ev
FN:131,_ZNSt3__114basic_ifstreamIcNS_11char_traitsIcEEED0Ev
FN:131,_ZNSt3__114basic_ifstreamIcNS_11char_traitsIcEEED1Ev
FNDA:0,_ZNSt3__115basic_stringbufIcNS_11char_traitsIcEENS_9allocatorIcEEED1Ev
FNDA:0,_ZNSt3__115basic_stringbufIcNS_11char_traitsIcEENS_9allocatorIcEEED2Ev
FNDA:0,_ZNSt3__115basic_stringbufIcNS_11char_traitsIcEENS_9allocatorIcEEED0Ev
FNDA:0,_ZNSt3__119basic_ostringstreamIcNS_11char_traitsIcEENS_9allocatorIcEEED1Ev
FNDA:0,_ZNSt3__119basic_ostringstreamIcNS_11char_traitsIcEENS_9allocatorIcEEED2Ev
FNDA:0,_ZNSt3__119basic_ostringstreamIcNS_11char_traitsIcEENS_9allocatorIcEEED0Ev
FNDA:5,_ZNSt3__114basic_ifstreamIcNS_11char_traitsIcEEED1Ev
FNDA:0,_ZNSt3__114basic_ifstreamIcNS_11char_traitsIcEEED0Ev
FNDA:5,_ZNSt3__114basic_ifstreamIcNS_11char_traitsIcEEED2Ev
FNF:9
FNH:2
DA:117,0
DA:123,0
DA:131,10
LF:3
LH:1
end_of_record
SF:/Applications/Xcode.app/Contents/Developer/Toolchains/XcodeDefault.xctoolchain/usr/include/c++/v1/istream
FN:190,_ZNSt3__113basic_istreamIcNS_11char_traitsIcEEEC2EPNS_15basic_streambufIcS2_EE
FN:253,_ZNSt3__113basic_istreamIcNS_11char_traitsIcEEE3getERc
FN:306,_ZNKSt3__113basic_istreamIcNS_11char_traitsIcEEE6sentrycvbEv
FN:1559,_ZNSt3__17getlineIcNS_11char_traitsIcEENS_9allocatorIcEEEERNS_13basic_istreamIT_T0_EES9_RNS_12basic_stringIS6_S7_T1_EES6_
FN:1608,_ZNSt3__17getlineIcNS_11char_traitsIcEENS_9allocatorIcEEEERNS_13basic_istreamIT_T0_EES9_RNS_12basic_stringIS6_S7_T1_EE
FNDA:5,_ZNSt3__113basic_istreamIcNS_11char_traitsIcEEEC2EPNS_15basic_streambufIcS2_EE
FNDA:0,_ZNSt3__113basic_istreamIcNS_11char_traitsIcEEE3getERc
FNDA:60,_ZNKSt3__113basic_istreamIcNS_11char_traitsIcEEE6sentrycvbEv
FNDA:60,_ZNSt3__17getlineIcNS_11char_traitsIcEENS_9allocatorIcEEEERNS_13basic_istreamIT_T0_EES9_RNS_12basic_stringIS6_S7_T1_EES6_
FNDA:60,_ZNSt3__17getlineIcNS_11char_traitsIcEENS_9allocatorIcEEEERNS_13basic_istreamIT_T0_EES9_RNS_12basic_stringIS6_S7_T1_EE
FNF:5
FNH:4
DA:190,5
DA:191,10
DA:254,0
DA:255,0
DA:256,0
DA:257,0
DA:306,60
DA:1566,60
DA:1567,120
DA:1569,60
DA:1570,60
DA:1571,60
DA:1572,780
DA:1574,1170
DA:1575,390
DA:1577,5
DA:1578,5
DA:1580,385
DA:1581,385
DA:1582,385
DA:1583,55
DA:1584,330
DA:1585,330
DA:1587,0
DA:1588,0
DA:1591,60
DA:1592,5
DA:1593,60
DA:1594,60
DA:1596,60
DA:1599,0
DA:1600,0
DA:1602,60
DA:1603,0
DA:1611,60
LF:35
LH:26
end_of_record
SF:/Applications/Xcode.app/Contents/Developer/Toolchains/XcodeDefault.xctoolchain/usr/include/c++/v1/iterator
FN:554,_ZNSt3__19__advanceIPKcEEvRT_NS_15iterator_traitsIS3_E15difference_typeENS_26random_access_iterator_tagE
FN:562,_ZNSt3__17advanceIPKcEEvRT_NS_15iterator_traitsIS3_E15difference_typeE
FN:582,_ZNSt3__110__distanceINS_11__wrap_iterIPcEEEENS_15iterator_traitsIT_E15difference_typeES5_S5_NS_26random_access_iterator_tagE
FN:582,_ZNSt3__110__distanceIPcEENS_15iterator_traitsIT_E15difference_typeES3_S3_NS_26random_access_iterator_tagE
FN:582,_ZNSt3__110__distanceIPKcEENS_15iterator_traitsIT_E15difference_typeES4_S4_NS_26random_access_iterator_tagE
FN:590,_ZNSt3__18distanceIPKcEENS_15iterator_traitsIT_E15difference_typeES4_S4_
FN:590,_ZNSt3__18distanceIPcEENS_15iterator_traitsIT_E15difference_typeES3_S3_
FN:590,_ZNSt3__18distanceINS_11__wrap_iterIPcEEEENS_15iterator_traitsIT_E15difference_typeES5_S5_
FN:1049,_ZNSt3__119ostreambuf_iteratorIcNS_11char_traitsIcEEEC1ERNS_13basic_ostreamIcS2_EE
FN:1049,_ZNSt3__119ostreambuf_iteratorIcNS_11char_traitsIcEEEC2ERNS_13basic_ostreamIcS2_EE
FN:1062,_ZNKSt3__119ostreambuf_iteratorIcNS_11char_traitsIcEEE6failedEv
FN:1309,_ZNSt3__111__wrap_iterIPcEC2Ev
FN:1309,_ZNSt3__111__wrap_iterIPcEC1Ev
FN:1349,_ZNKSt3__111__wrap_iterIPKcEdeEv
FN:1349,_ZNKSt3__111__wrap_iterIPcEdeEv
FN:1365,_ZNSt3__111__wrap_iterIPcEppEv
FN:1365,_ZNSt3__111__wrap_iterIPKcEppEv
FN:1411,_ZNKSt3__111__wrap_iterIPKcE4baseEv
FN:1411,_ZNKSt3__111__wrap_iterIPcE4baseEv
FN:1420,_ZNSt3__111__wrap_iterIPKcEC1ES2_
FN:1420,_ZNSt3__111__wrap_iterIPcEC2ES1_
FN:1420,_ZNSt3__111__wrap_iterIPcEC1ES1_
FN:1420,_ZNSt3__111__wrap_iterIPKcEC2ES2_
FN:1504,_ZNSt3__1eqIPKcS2_EEbRKNS_11__wrap_iterIT_EERKNS3_IT0_EE
FN:1504,_ZNSt3__1eqIPcS1_EEbRKNS_11__wrap_iterIT_EERKNS2_IT0_EE
FN:1556,_ZNSt3__1neIPKcEEbRKNS_11__wrap_iterIT_EES7_
FN:1556,_ZNSt3__1neIPcEEbRKNS_11__wrap_iterIT_EES6_
FN:1589,_ZNSt3__1miIPKcS2_EEDTmicldtfp_4baseEcldtfp0_4baseEERKNS_11__wrap_iterIT_EERKNS4_IT0_EE
FN:1589,_ZNSt3__1miIPcS1_EEDTmicldtfp_4baseEcldtfp0_4baseEERKNS_11__wrap_iterIT_EERKNS3_IT0_EE
FNDA:76558,_ZNSt3__19__advanceIPKcEEvRT_NS_15iterator_traitsIS3_E15difference_typeENS_26random_access_iterator_tagE
FNDA:76558,_ZNSt3__17advanceIPKcEEvRT_NS_15iterator_traitsIS3_E15difference_typeE
FNDA:65732,_ZNSt3__110__distanceIPKcEENS_15iterator_traitsIT_E15difference_typeES4_S4_NS_26random_access_iterator_tagE
FNDA:110,_ZNSt3__110__distanceINS_11__wrap_iterIPcEEEENS_15iterator_traitsIT_E15difference_typeES5_S5_NS_26random_access_iterator_tagE
FNDA:0,_ZNSt3__110__distanceIPcEENS_15iterator_traitsIT_E15difference_typeES3_S3_NS_26random_access_iterator_tagE
FNDA:65732,_ZNSt3__18distanceIPKcEENS_15iterator_traitsIT_E15difference_typeES4_S4_
FNDA:110,_ZNSt3__18distanceINS_11__wrap_iterIPcEEEENS_15iterator_traitsIT_E15difference_typeES5_S5_
FNDA:0,_ZNSt3__18distanceIPcEENS_15iterator_traitsIT_E15difference_typeES3_S3_
FNDA:13,_ZNSt3__119ostreambuf_iteratorIcNS_11char_traitsIcEEEC1ERNS_13basic_ostreamIcS2_EE
FNDA:13,_ZNSt3__119ostreambuf_iteratorIcNS_11char_traitsIcEEEC2ERNS_13basic_ostreamIcS2_EE
FNDA:13,_ZNKSt3__119ostreambuf_iteratorIcNS_11char_traitsIcEEE6failedEv
FNDA:220,_ZNSt3__111__wrap_iterIPcEC1Ev
FNDA:220,_ZNSt3__111__wrap_iterIPcEC2Ev
FNDA:66007,_ZNKSt3__111__wrap_iterIPcEdeEv
FNDA:110,_ZNKSt3__111__wrap_iterIPKcEdeEv
FNDA:55272,_ZNSt3__111__wrap_iterIPcEppEv
FNDA:110,_ZNSt3__111__wrap_iterIPKcEppEv
FNDA:148614,_ZNKSt3__111__wrap_iterIPcE4baseEv
FNDA:440,_ZNKSt3__111__wrap_iterIPKcE4baseEv
FNDA:110,_ZNSt3__111__wrap_iterIPcEC1ES1_
FNDA:110,_ZNSt3__111__wrap_iterIPcEC2ES1_
FNDA:110,_ZNSt3__111__wrap_iterIPKcEC1ES2_
FNDA:110,_ZNSt3__111__wrap_iterIPKcEC2ES2_
FNDA:74197,_ZNSt3__1eqIPcS1_EEbRKNS_11__wrap_iterIT_EERKNS2_IT0_EE
FNDA:165,_ZNSt3__1eqIPKcS2_EEbRKNS_11__wrap_iterIT_EERKNS3_IT0_EE
FNDA:67323,_ZNSt3__1neIPcEEbRKNS_11__wrap_iterIT_EES6_
FNDA:165,_ZNSt3__1neIPKcEEbRKNS_11__wrap_iterIT_EES7_
FNDA:110,_ZNSt3__1miIPcS1_EEDTmicldtfp_4baseEcldtfp0_4baseEERKNS_11__wrap_iterIT_EERKNS3_IT0_EE
FNDA:55,_ZNSt3__1miIPKcS2_EEDTmicldtfp_4baseEcldtfp0_4baseEERKNS_11__wrap_iterIT_EERKNS4_IT0_EE
FNF:29
FNH:27
DA:557,76558
DA:558,76558
DA:565,76558
DA:566,76558
DA:584,65842
DA:592,65842
DA:1050,39
DA:1062,13
DA:1313,220
DA:1317,440
DA:1355,66117
DA:1371,55382
DA:1372,55382
DA:1411,149054
DA:1420,440
DA:1506,74362
DA:1558,67488
DA:1596,165
LF:18
LH:18
end_of_record
SF:/Applications/Xcode.app/Contents/Developer/Toolchains/XcodeDefault.xctoolchain/usr/include/c++/v1/limits
FN:213,_ZNSt3__123__libcpp_numeric_limitsIlLb1EE3maxEv
FN:450,_ZNSt3__114numeric_limitsIlE3maxEv
FNDA:230,_ZNSt3__123__libcpp_numeric_limitsIlLb1EE3maxEv
FNDA:230,_ZNSt3__114numeric_limitsIlE3maxEv
FNF:2
FNH:2
DA:213,460
DA:450,460
LF:2
LH:2
end_of_record
SF:/Applications/Xcode.app/Contents/Developer/Toolchains/XcodeDefault.xctoolchain/usr/include/c++/v1/locale
FN:1381,_ZNSt3__116__pad_and_outputIcNS_11char_traitsIcEEEENS_19ostreambuf_iteratorIT_T0_EES6_PKS4_S8_S8_RNS_8ios_baseES4_
FNDA:13,_ZNSt3__116__pad_and_outputIcNS_11char_traitsIcEEEENS_19ostreambuf_iteratorIT_T0_EES6_PKS4_S8_S8_RNS_8ios_baseES4_
FNF:1
FNH:1
DA:1385,13
DA:1386,0
DA:1387,13
DA:1388,13
DA:1389,13
DA:1390,0
DA:1392,13
DA:1393,13
DA:1394,13
DA:1396,0
DA:1398,0
DA:1399,0
DA:1401,0
DA:1402,13
DA:1404,0
DA:1405,0
DA:1407,0
DA:1408,0
DA:1410,0
DA:1411,13
DA:1412,13
DA:1414,13
DA:1416,0
DA:1417,0
DA:1419,13
DA:1420,13
DA:1421,13
DA:1422,13
LF:28
LH:15
end_of_record
SF:/Applications/Xcode.app/Contents/Developer/Toolchains/XcodeDefault.xctoolchain/usr/include/c++/v1/memory
FN:986,_ZNSt3__114pointer_traitsIPcE10pointer_toERc
FN:986,_ZNSt3__114pointer_traitsIPKcE10pointer_toERS1_
FN:1104,_ZNSt3__116__to_raw_pointerIN6errorx13SequenceQueryEEEPT_S4_
FN:1104,_ZNSt3__116__to_raw_pointerINS_12basic_stringIcNS_11char_traitsIcEENS_9allocatorIcEEEEEEPT_S8_
FN:1104,_ZNSt3__116__to_raw_pointerIKcEEPT_S3_
FN:1104,_ZNSt3__116__to_raw_pointerINS_4pairIidEEEEPT_S4_
FN:1546,_ZNSt3__116allocator_traitsINS_9allocatorIcEEE8allocateERS2_m
FN:1546,_ZNSt3__116allocator_traitsINS_9allocatorINS_12basic_stringIcNS_11char_traitsIcEENS1_IcEEEEEEE8allocateERS7_m
FN:1546,_ZNSt3__116allocator_traitsINS_9allocatorIN6errorx13SequenceQueryEEEE8allocateERS4_m
FN:1554,_ZNSt3__116allocator_traitsINS_9allocatorIN6errorx13SequenceQueryEEEE10deallocateERS4_PS3_m
FN:1554,_ZNSt3__116allocator_traitsINS_9allocatorINS_4pairIidEEEEE10deallocateERS4_PS3_m
FN:1554,_ZNSt3__116allocator_traitsINS_9allocatorINS_12basic_stringIcNS_11char_traitsIcEENS1_IcEEEEEEE10deallocateERS7_PS6_m
FN:1560,_ZNSt3__116allocator_traitsINS_9allocatorIN6errorx13SequenceQueryEEEE9constructIS3_JRKS3_EEEvRS4_PT_DpOT0_
FN:1560,_ZNSt3__116allocator_traitsINS_9allocatorINS_12basic_stringIcNS_11char_traitsIcEENS1_IcEEEEEEE9constructIS6_JRKS6_EEEvRS7_PT_DpOT0_
FN:1560,_ZNSt3__116allocator_traitsINS_9allocatorINS_12basic_stringIcNS_11char_traitsIcEENS1_IcEEEEEEE9constructIS6_JS6_EEEvRS7_PT_DpOT0_
FN:1594,_ZNSt3__116allocator_traitsINS_9allocatorINS_12basic_stringIcNS_11char_traitsIcEENS1_IcEEEEEEE7destroyIS6_EEvRS7_PT_
FN:1594,_ZNSt3__116allocator_traitsINS_9allocatorIN6errorx13SequenceQueryEEEE7destroyIS3_EEvRS4_PT_
FN:1594,_ZNSt3__116allocator_traitsINS_9allocatorINS_4pairIidEEEEE7destroyIS3_EEvRS4_PT_
FN:1598,_ZNSt3__116allocator_traitsINS_9allocatorINS_12basic_stringIcNS_11char_traitsIcEENS1_IcEEEEEEE8max_sizeERKS7_
FN:1598,_ZNSt3__116allocator_traitsINS_9allocatorIN6errorx13SequenceQueryEEEE8max_sizeERKS4_
FN:1598,_ZNSt3__116allocator_traitsINS_9allocatorIcEEE8max_sizeERKS2_
FN:1642,_ZNSt3__116allocator_traitsINS_9allocatorINS_12basic_stringIcNS_11char_traitsIcEENS1_IcEEEEEEE25__construct_range_forwardIPKS6_PS6_EEvRS7_T_SE_RT0_
FN:1673,_ZNSt3__116allocator_traitsINS_9allocatorINS_12basic_stringIcNS_11char_traitsIcEENS1_IcEEEEEEE20__construct_backwardIPS6_EEvRS7_T_SC_RSC_
FN:1673,_ZNSt3__116allocator_traitsINS_9allocatorIN6errorx13SequenceQueryEEEE20__construct_backwardIPS3_EEvRS4_T_S9_RS9_
FN:1714,_ZNSt3__116allocator_traitsINS_9allocatorINS_12basic_stringIcNS_11char_traitsIcEENS1_IcEEEEEEE11__constructIS6_JRKS6_EEEvNS_17integral_constantIbLb1EEERS7_PT_DpOT0_
FN:1714,_ZNSt3__116allocator_traitsINS_9allocatorINS_12basic_stringIcNS_11char_traitsIcEENS1_IcEEEEEEE11__constructIS6_JS6_EEEvNS_17integral_constantIbLb1EEERS7_PT_DpOT0_
FN:1714,_ZNSt3__116allocator_traitsINS_9allocatorIN6errorx13SequenceQueryEEEE11__constructIS3_JRKS3_EEEvNS_17integral_constantIbLb1EEERS4_PT_DpOT0_
FN:1726,_ZNSt3__116allocator_traitsINS_9allocatorINS_4pairIidEEEEE9__destroyIS3_EEvNS_17integral_constantIbLb1EEERS4_PT_
FN:1726,_ZNSt3__116allocator_traitsINS_9allocatorIN6errorx13SequenceQueryEEEE9__destroyIS3_EEvNS_17integral_constantIbLb1EEERS4_PT_
FN:1726,_ZNSt3__116allocator_traitsINS_9allocatorINS_12basic_stringIcNS_11char_traitsIcEENS1_IcEEEEEEE9__destroyIS6_EEvNS_17integral_constantIbLb1EEERS7_PT_
FN:1736,_ZNSt3__116allocator_traitsINS_9allocatorIcEEE10__max_sizeENS_17integral_constantIbLb1EEERKS2_
FN:1736,_ZNSt3__116allocator_traitsINS_9allocatorIN6errorx13SequenceQueryEEEE10__max_sizeENS_17integral_constantIbLb1EEERKS4_
FN:1736,_ZNSt3__116allocator_traitsINS_9allocatorINS_12basic_stringIcNS_11char_traitsIcEENS1_IcEEEEEEE10__max_sizeENS_17integral_constantIbLb1EEERKS7_
FN:1781,_ZNSt3__19allocatorINS_12basic_stringIcNS_11char_traitsIcEENS0_IcEEEEEC2Ev
FN:1781,_ZNSt3__19allocatorIcEC2Ev
FN:1781,_ZNSt3__19allocatorIN6errorx13SequenceQueryEEC2Ev
FN:1788,_ZNSt3__19allocatorIN6errorx13SequenceQueryEE8allocateEmPKv
FN:1788,_ZNSt3__19allocatorINS_12basic_stringIcNS_11char_traitsIcEENS0_IcEEEEE8allocateEmPKv
FN:1788,_ZNSt3__19allocatorIcE8allocateEmPKv
FN:1795,_ZNSt3__19allocatorIN6errorx13SequenceQueryEE10deallocateEPS2_m
FN:1795,_ZNSt3__19allocatorINS_4pairIidEEE10deallocateEPS2_m
FN:1795,_ZNSt3__19allocatorINS_12basic_stringIcNS_11char_traitsIcEENS0_IcEEEEE10deallocateEPS5_m
FN:1797,_ZNKSt3__19allocatorIcE8max_sizeEv
FN:1797,_ZNKSt3__19allocatorINS_12basic_stringIcNS_11char_traitsIcEENS0_IcEEEEE8max_sizeEv
FN:1797,_ZNKSt3__19allocatorIN6errorx13SequenceQueryEE8max_sizeEv
FN:1803,_ZNSt3__19allocatorINS_12basic_stringIcNS_11char_traitsIcEENS0_IcEEEEE9constructIS5_JRKS5_EEEvPT_DpOT0_
FN:1803,_ZNSt3__19allocatorIN6errorx13SequenceQueryEE9constructIS2_JRKS2_EEEvPT_DpOT0_
FN:1803,_ZNSt3__19allocatorINS_12basic_stringIcNS_11char_traitsIcEENS0_IcEEEEE9constructIS5_JS5_EEEvPT_DpOT0_
FN:1860,_ZNSt3__19allocatorIN6errorx13SequenceQueryEE7destroyEPS2_
FN:1860,_ZNSt3__19allocatorINS_4pairIidEEE7destroyEPS2_
FN:1860,_ZNSt3__19allocatorINS_12basic_stringIcNS_11char_traitsIcEENS0_IcEEEEE7destroyEPS5_
FN:2089,_ZNSt3__122__compressed_pair_elemINS_12basic_stringIcNS_11char_traitsIcEENS_9allocatorIcEEE5__repELi0ELb0EEC2Ev
FN:2096,_ZNSt3__122__compressed_pair_elemIP7__sFILELi0ELb0EEC2IRS2_vEEOT_
FN:2096,_ZNSt3__122__compressed_pair_elemIPFiP7__sFILEELi1ELb0EEC2IS4_vEEOT_
FN:2096,_ZNSt3__122__compressed_pair_elemIRNS_9allocatorINS_12basic_stringIcNS_11char_traitsIcEENS1_IcEEEEEELi1ELb0EEC2IS8_vEEOT_
FN:2096,_ZNSt3__122__compressed_pair_elemIRNS_9allocatorIN6errorx13SequenceQueryEEELi1ELb0EEC2IS5_vEEOT_
FN:2096,_ZNSt3__122__compressed_pair_elemIPN6errorx13SequenceQueryELi0ELb0EEC2IDnvEEOT_
FN:2096,_ZNSt3__122__compressed_pair_elemIPNS_12basic_stringIcNS_11char_traitsIcEENS_9allocatorIcEEEELi0ELb0EEC2IDnvEEOT_
FN:2110,_ZNSt3__122__compressed_pair_elemIPNS_12basic_stringIcNS_11char_traitsIcEENS_9allocatorIcEEEELi0ELb0EE5__getEv
FN:2110,_ZNSt3__122__compressed_pair_elemIRNS_9allocatorIN6errorx13SequenceQueryEEELi1ELb0EE5__getEv
FN:2110,_ZNSt3__122__compressed_pair_elemIPFiP7__sFILEELi1ELb0EE5__getEv
FN:2110,_ZNSt3__122__compressed_pair_elemINS_12basic_stringIcNS_11char_traitsIcEENS_9allocatorIcEEE5__repELi0ELb0EE5__getEv
FN:2110,_ZNSt3__122__compressed_pair_elemIP7__sFILELi0ELb0EE5__getEv
FN:2110,_ZNSt3__122__compressed_pair_elemIPN6errorx13SequenceQueryELi0ELb0EE5__getEv
FN:2110,_ZNSt3__122__compressed_pair_elemIRNS_9allocatorINS_12basic_stringIcNS_11char_traitsIcEENS1_IcEEEEEELi1ELb0EE5__getEv
FN:2112,_ZNKSt3__122__compressed_pair_elemIPNS_12basic_stringIcNS_11char_traitsIcEENS_9allocatorIcEEEELi0ELb0EE5__getEv
FN:2112,_ZNKSt3__122__compressed_pair_elemINS_12basic_stringIcNS_11char_traitsIcEENS_9allocatorIcEEE5__repELi0ELb0EE5__getEv
FN:2112,_ZNKSt3__122__compressed_pair_elemIPNS_4pairIidEELi0ELb0EE5__getEv
FN:2112,_ZNKSt3__122__compressed_pair_elemIPN6errorx13SequenceQueryELi0ELb0EE5__getEv
FN:2126,_ZNSt3__122__compressed_pair_elemINS_9allocatorIcEELi1ELb1EEC2Ev
FN:2126,_ZNSt3__122__compressed_pair_elemINS_9allocatorINS_12basic_stringIcNS_11char_traitsIcEENS1_IcEEEEEELi1ELb1EEC2Ev
FN:2126,_ZNSt3__122__compressed_pair_elemINS_9allocatorIN6errorx13SequenceQueryEEELi1ELb1EEC2Ev
FN:2133,_ZNSt3__122__compressed_pair_elemINS_9allocatorIcEELi1ELb1EEC2IRKS2_vEEOT_
FN:2148,_ZNSt3__122__compressed_pair_elemINS_9allocatorINS_4pairIidEEEELi1ELb1EE5__getEv
FN:2148,_ZNSt3__122__compressed_pair_elemINS_9allocatorIN6errorx13SequenceQueryEEELi1ELb1EE5__getEv
FN:2148,_ZNSt3__122__compressed_pair_elemINS_9allocatorIcEELi1ELb1EE5__getEv
FN:2148,_ZNSt3__122__compressed_pair_elemINS_9allocatorINS_12basic_stringIcNS_11char_traitsIcEENS1_IcEEEEEELi1ELb1EE5__getEv
FN:2150,_ZNKSt3__122__compressed_pair_elemINS_9allocatorINS_12basic_stringIcNS_11char_traitsIcEENS1_IcEEEEEELi1ELb1EE5__getEv
FN:2150,_ZNKSt3__122__compressed_pair_elemINS_9allocatorIcEELi1ELb1EE5__getEv
FN:2150,_ZNKSt3__122__compressed_pair_elemINS_9allocatorIN6errorx13SequenceQueryEEELi1ELb1EE5__getEv
FN:2180,_ZNSt3__117__compressed_pairINS_12basic_stringIcNS_11char_traitsIcEENS_9allocatorIcEEE5__repES5_EC1ILb1EvEEv
FN:2180,_ZNSt3__117__compressed_pairINS_12basic_stringIcNS_11char_traitsIcEENS_9allocatorIcEEE5__repES5_EC2ILb1EvEEv
FN:2186,_ZNSt3__117__compressed_pairIPNS_12basic_stringIcNS_11char_traitsIcEENS_9allocatorIcEEEENS4_IS6_EEEC1IDnLb1EEEOT_
FN:2186,_ZNSt3__117__compressed_pairIPNS_12basic_stringIcNS_11char_traitsIcEENS_9allocatorIcEEEENS4_IS6_EEEC2IDnLb1EEEOT_
FN:2186,_ZNSt3__117__compressed_pairIPN6errorx13SequenceQueryENS_9allocatorIS2_EEEC1IDnLb1EEEOT_
FN:2186,_ZNSt3__117__compressed_pairIPN6errorx13SequenceQueryENS_9allocatorIS2_EEEC2IDnLb1EEEOT_
FN:2191,_ZNSt3__117__compressed_pairINS_12basic_stringIcNS_11char_traitsIcEENS_9allocatorIcEEE5__repES5_EC1IRKS5_EENS_12__second_tagEOT_
FN:2191,_ZNSt3__117__compressed_pairINS_12basic_stringIcNS_11char_traitsIcEENS_9allocatorIcEEE5__repES5_EC2IRKS5_EENS_12__second_tagEOT_
FN:2196,_ZNSt3__117__compressed_pairIP7__sFILEPFiS2_EEC1IRS2_S4_EEOT_OT0_
FN:2196,_ZNSt3__117__compressed_pairIPN6errorx13SequenceQueryERNS_9allocatorIS2_EEEC1IDnS6_EEOT_OT0_
FN:2196,_ZNSt3__117__compressed_pairIPN6errorx13SequenceQueryERNS_9allocatorIS2_EEEC2IDnS6_EEOT_OT0_
FN:2196,_ZNSt3__117__compressed_pairIPNS_12basic_stringIcNS_11char_traitsIcEENS_9allocatorIcEEEERNS4_IS6_EEEC1IDnS9_EEOT_OT0_
FN:2196,_ZNSt3__117__compressed_pairIPNS_12basic_stringIcNS_11char_traitsIcEENS_9allocatorIcEEEERNS4_IS6_EEEC2IDnS9_EEOT_OT0_
FN:2196,_ZNSt3__117__compressed_pairIP7__sFILEPFiS2_EEC2IRS2_S4_EEOT_OT0_
FN:2225,_ZNSt3__117__compressed_pairIP7__sFILEPFiS2_EE5firstEv
FN:2225,_ZNSt3__117__compressed_pairIPN6errorx13SequenceQueryENS_9allocatorIS2_EEE5firstEv
FN:2225,_ZNSt3__117__compressed_pairINS_12basic_stringIcNS_11char_traitsIcEENS_9allocatorIcEEE5__repES5_E5firstEv
FN:2225,_ZNSt3__117__compressed_pairIPNS_12basic_stringIcNS_11char_traitsIcEENS_9allocatorIcEEEENS4_IS6_EEE5firstEv
FN:2225,_ZNSt3__117__compressed_pairIPN6errorx13SequenceQueryERNS_9allocatorIS2_EEE5firstEv
FN:2225,_ZNSt3__117__compressed_pairIPNS_12basic_stringIcNS_11char_traitsIcEENS_9allocatorIcEEEERNS4_IS6_EEE5firstEv
FN:2230,_ZNKSt3__117__compressed_pairINS_12basic_stringIcNS_11char_traitsIcEENS_9allocatorIcEEE5__repES5_E5firstEv
FN:2230,_ZNKSt3__117__compressed_pairIPN6errorx13SequenceQueryENS_9allocatorIS2_EEE5firstEv
FN:2230,_ZNKSt3__117__compressed_pairIPN6errorx13SequenceQueryERNS_9allocatorIS2_EEE5firstEv
FN:2230,_ZNKSt3__117__compressed_pairIPNS_4pairIidEENS_9allocatorIS2_EEE5firstEv
FN:2230,_ZNKSt3__117__compressed_pairIPNS_12basic_stringIcNS_11char_traitsIcEENS_9allocatorIcEEEERNS4_IS6_EEE5firstEv
FN:2230,_ZNKSt3__117__compressed_pairIPNS_12basic_stringIcNS_11char_traitsIcEENS_9allocatorIcEEEENS4_IS6_EEE5firstEv
FN:2235,_ZNSt3__117__compressed_pairIPNS_12basic_stringIcNS_11char_traitsIcEENS_9allocatorIcEEEENS4_IS6_EEE6secondEv
FN:2235,_ZNSt3__117__compressed_pairIP7__sFILEPFiS2_EE6secondEv
FN:2235,_ZNSt3__117__compressed_pairIPNS_4pairIidEENS_9allocatorIS2_EEE6secondEv
FN:2235,_ZNSt3__117__compressed_pairIPN6errorx13SequenceQueryENS_9allocatorIS2_EEE6secondEv
FN:2235,_ZNSt3__117__compressed_pairIPN6errorx13SequenceQueryERNS_9allocatorIS2_EEE6secondEv
FN:2235,_ZNSt3__117__compressed_pairIPNS_12basic_stringIcNS_11char_traitsIcEENS_9allocatorIcEEEERNS4_IS6_EEE6secondEv
FN:2235,_ZNSt3__117__compressed_pairINS_12basic_stringIcNS_11char_traitsIcEENS_9allocatorIcEEE5__repES5_E6secondEv
FN:2240,_ZNKSt3__117__compressed_pairINS_12basic_stringIcNS_11char_traitsIcEENS_9allocatorIcEEE5__repES5_E6secondEv
FN:2240,_ZNKSt3__117__compressed_pairIPNS_12basic_stringIcNS_11char_traitsIcEENS_9allocatorIcEEEENS4_IS6_EEE6secondEv
FN:2240,_ZNKSt3__117__compressed_pairIPN6errorx13SequenceQueryENS_9allocatorIS2_EEE6secondEv
FN:2428,_ZNSt3__110unique_ptrI7__sFILEPFiPS1_EEC1ILb1EvEES2_NS_16__dependent_typeINS_27__unique_ptr_deleter_sfinaeIS4_EEXT_EE20__good_rval_ref_typeE
FN:2428,_ZNSt3__110unique_ptrI7__sFILEPFiPS1_EEC2ILb1EvEES2_NS_16__dependent_typeINS_27__unique_ptr_deleter_sfinaeIS4_EEXT_EE20__good_rval_ref_typeE
FN:2552,_ZNSt3__110unique_ptrI7__sFILEPFiPS1_EED2Ev
FN:2552,_ZNSt3__110unique_ptrI7__sFILEPFiPS1_EED1Ev
FN:2587,_ZNSt3__110unique_ptrI7__sFILEPFiPS1_EE7releaseEv
FN:2594,_ZNSt3__110unique_ptrI7__sFILEPFiPS1_EE5resetES2_
FN:5568,_ZNSt3__116__swap_allocatorINS_9allocatorINS_12basic_stringIcNS_11char_traitsIcEENS1_IcEEEEEEEEvRT_S9_NS_17integral_constantIbLb0EEE
FNDA:110,_ZNSt3__114pointer_traitsIPKcE10pointer_toERS1_
FNDA:280,_ZNSt3__114pointer_traitsIPcE10pointer_toERc
FNDA:12,_ZNSt3__116__to_raw_pointerIKcEEPT_S3_
FNDA:2468,_ZNSt3__116__to_raw_pointerINS_12basic_stringIcNS_11char_traitsIcEENS_9allocatorIcEEEEEEPT_S8_
FNDA:905,_ZNSt3__116__to_raw_pointerINS_4pairIidEEEEPT_S4_
FNDA:20,_ZNSt3__116__to_raw_pointerIN6errorx13SequenceQueryEEEPT_S4_
FNDA:228,_ZNSt3__116allocator_traitsINS_9allocatorINS_12basic_stringIcNS_11char_traitsIcEENS1_IcEEEEEEE8allocateERS7_m
FNDA:0,_ZNSt3__116allocator_traitsINS_9allocatorIcEEE8allocateERS2_m
FNDA:2,_ZNSt3__116allocator_traitsINS_9allocatorIN6errorx13SequenceQueryEEEE8allocateERS4_m
FNDA:228,_ZNSt3__116allocator_traitsINS_9allocatorINS_12basic_stringIcNS_11char_traitsIcEENS1_IcEEEEEEE10deallocateERS7_PS6_m
FNDA:5,_ZNSt3__116allocator_traitsINS_9allocatorINS_4pairIidEEEEE10deallocateERS4_PS3_m
FNDA:2,_ZNSt3__116allocator_traitsINS_9allocatorIN6errorx13SequenceQueryEEEE10deallocateERS4_PS3_m
FNDA:330,_ZNSt3__116allocator_traitsINS_9allocatorINS_12basic_stringIcNS_11char_traitsIcEENS1_IcEEEEEEE9constructIS6_JS6_EEEvRS7_PT_DpOT0_
FNDA:8,_ZNSt3__116allocator_traitsINS_9allocatorINS_12basic_stringIcNS_11char_traitsIcEENS1_IcEEEEEEE9constructIS6_JRKS6_EEEvRS7_PT_DpOT0_
FNDA:2,_ZNSt3__116allocator_traitsINS_9allocatorIN6errorx13SequenceQueryEEEE9constructIS3_JRKS3_EEEvRS4_PT_DpOT0_
FNDA:338,_ZNSt3__116allocator_traitsINS_9allocatorINS_12basic_stringIcNS_11char_traitsIcEENS1_IcEEEEEEE7destroyIS6_EEvRS7_PT_
FNDA:905,_ZNSt3__116allocator_traitsINS_9allocatorINS_4pairIidEEEEE7destroyIS3_EEvRS4_PT_
FNDA:2,_ZNSt3__116allocator_traitsINS_9allocatorIN6errorx13SequenceQueryEEEE7destroyIS3_EEvRS4_PT_
FNDA:440,_ZNSt3__116allocator_traitsINS_9allocatorIcEEE8max_sizeERKS2_
FNDA:228,_ZNSt3__116allocator_traitsINS_9allocatorINS_12basic_stringIcNS_11char_traitsIcEENS1_IcEEEEEEE8max_sizeERKS7_
FNDA:2,_ZNSt3__116allocator_traitsINS_9allocatorIN6errorx13SequenceQueryEEEE8max_sizeERKS4_
FNDA:8,_ZNSt3__116allocator_traitsINS_9allocatorINS_12basic_stringIcNS_11char_traitsIcEENS1_IcEEEEEEE25__construct_range_forwardIPKS6_PS6_EEvRS7_T_SE_RT0_
FNDA:220,_ZNSt3__116allocator_traitsINS_9allocatorINS_12basic_stringIcNS_11char_traitsIcEENS1_IcEEEEEEE20__construct_backwardIPS6_EEvRS7_T_SC_RSC_
FNDA:2,_ZNSt3__116allocator_traitsINS_9allocatorIN6errorx13SequenceQueryEEEE20__construct_backwardIPS3_EEvRS4_T_S9_RS9_
FNDA:330,_ZNSt3__116allocator_traitsINS_9allocatorINS_12basic_stringIcNS_11char_traitsIcEENS1_IcEEEEEEE11__constructIS6_JS6_EEEvNS_17integral_constantIbLb1EEERS7_PT_DpOT0_
FNDA:8,_ZNSt3__116allocator_traitsINS_9allocatorINS_12basic_stringIcNS_11char_traitsIcEENS1_IcEEEEEEE11__constructIS6_JRKS6_EEEvNS_17integral_constantIbLb1EEERS7_PT_DpOT0_
FNDA:2,_ZNSt3__116allocator_traitsINS_9allocatorIN6errorx13SequenceQueryEEEE11__constructIS3_JRKS3_EEEvNS_17integral_constantIbLb1EEERS4_PT_DpOT0_
FNDA:338,_ZNSt3__116allocator_traitsINS_9allocatorINS_12basic_stringIcNS_11char_traitsIcEENS1_IcEEEEEEE9__destroyIS6_EEvNS_17integral_constantIbLb1EEERS7_PT_
FNDA:905,_ZNSt3__116allocator_traitsINS_9allocatorINS_4pairIidEEEEE9__destroyIS3_EEvNS_17integral_constantIbLb1EEERS4_PT_
FNDA:2,_ZNSt3__116allocator_traitsINS_9allocatorIN6errorx13SequenceQueryEEEE9__destroyIS3_EEvNS_17integral_constantIbLb1EEERS4_PT_
FNDA:440,_ZNSt3__116allocator_traitsINS_9allocatorIcEEE10__max_sizeENS_17integral_constantIbLb1EEERKS2_
FNDA:228,_ZNSt3__116allocator_traitsINS_9allocatorINS_12basic_stringIcNS_11char_traitsIcEENS1_IcEEEEEEE10__max_sizeENS_17integral_constantIbLb1EEERKS7_
FNDA:2,_ZNSt3__116allocator_traitsINS_9allocatorIN6errorx13SequenceQueryEEEE10__max_sizeENS_17integral_constantIbLb1EEERKS4_
FNDA:311,_ZNSt3__19allocatorIcEC2Ev
FNDA:173,_ZNSt3__19allocatorINS_12basic_stringIcNS_11char_traitsIcEENS0_IcEEEEEC2Ev
FNDA:2,_ZNSt3__19allocatorIN6errorx13SequenceQueryEEC2Ev
FNDA:228,_ZNSt3__19allocatorINS_12basic_stringIcNS_11char_traitsIcEENS0_IcEEEEE8allocateEmPKv
FNDA:0,_ZNSt3__19allocatorIcE8allocateEmPKv
FNDA:2,_ZNSt3__19allocatorIN6errorx13SequenceQueryEE8allocateEmPKv
FNDA:228,_ZNSt3__19allocatorINS_12basic_stringIcNS_11char_traitsIcEENS0_IcEEEEE10deallocateEPS5_m
FNDA:5,_ZNSt3__19allocatorINS_4pairIidEEE10deallocateEPS2_m
FNDA:2,_ZNSt3__19allocatorIN6errorx13SequenceQueryEE10deallocateEPS2_m
FNDA:440,_ZNKSt3__19allocatorIcE8max_sizeEv
FNDA:456,_ZNKSt3__19allocatorINS_12basic_stringIcNS_11char_traitsIcEENS0_IcEEEEE8max_sizeEv
FNDA:4,_ZNKSt3__19allocatorIN6errorx13SequenceQueryEE8max_sizeEv
FNDA:330,_ZNSt3__19allocatorINS_12basic_stringIcNS_11char_traitsIcEENS0_IcEEEEE9constructIS5_JS5_EEEvPT_DpOT0_
FNDA:8,_ZNSt3__19allocatorINS_12basic_stringIcNS_11char_traitsIcEENS0_IcEEEEE9constructIS5_JRKS5_EEEvPT_DpOT0_
FNDA:2,_ZNSt3__19allocatorIN6errorx13SequenceQueryEE9constructIS2_JRKS2_EEEvPT_DpOT0_
FNDA:338,_ZNSt3__19allocatorINS_12basic_stringIcNS_11char_traitsIcEENS0_IcEEEEE7destroyEPS5_
FNDA:905,_ZNSt3__19allocatorINS_4pairIidEEE7destroyEPS2_
FNDA:2,_ZNSt3__19allocatorIN6errorx13SequenceQueryEE7destroyEPS2_
FNDA:311,_ZNSt3__122__compressed_pair_elemINS_12basic_stringIcNS_11char_traitsIcEENS_9allocatorIcEEE5__repELi0ELb0EEC2Ev
FNDA:5,_ZNSt3__122__compressed_pair_elemIP7__sFILELi0ELb0EEC2IRS2_vEEOT_
FNDA:5,_ZNSt3__122__compressed_pair_elemIPFiP7__sFILEELi1ELb0EEC2IS4_vEEOT_
FNDA:393,_ZNSt3__122__compressed_pair_elemIPNS_12basic_stringIcNS_11char_traitsIcEENS_9allocatorIcEEEELi0ELb0EEC2IDnvEEOT_
FNDA:220,_ZNSt3__122__compressed_pair_elemIRNS_9allocatorINS_12basic_stringIcNS_11char_traitsIcEENS1_IcEEEEEELi1ELb0EEC2IS8_vEEOT_
FNDA:4,_ZNSt3__122__compressed_pair_elemIPN6errorx13SequenceQueryELi0ELb0EEC2IDnvEEOT_
FNDA:2,_ZNSt3__122__compressed_pair_elemIRNS_9allocatorIN6errorx13SequenceQueryEEELi1ELb0EEC2IS5_vEEOT_
FNDA:20,_ZNSt3__122__compressed_pair_elemIP7__sFILELi0ELb0EE5__getEv
FNDA:0,_ZNSt3__122__compressed_pair_elemIPFiP7__sFILEELi1ELb0EE5__getEv
FNDA:895,_ZNSt3__122__compressed_pair_elemINS_12basic_stringIcNS_11char_traitsIcEENS_9allocatorIcEEE5__repELi0ELb0EE5__getEv
FNDA:998,_ZNSt3__122__compressed_pair_elemIPNS_12basic_stringIcNS_11char_traitsIcEENS_9allocatorIcEEEELi0ELb0EE5__getEv
FNDA:440,_ZNSt3__122__compressed_pair_elemIRNS_9allocatorINS_12basic_stringIcNS_11char_traitsIcEENS1_IcEEEEEELi1ELb0EE5__getEv
FNDA:8,_ZNSt3__122__compressed_pair_elemIPN6errorx13SequenceQueryELi0ELb0EE5__getEv
FNDA:2,_ZNSt3__122__compressed_pair_elemIRNS_9allocatorIN6errorx13SequenceQueryEEELi1ELb0EE5__getEv
FNDA:1360,_ZNKSt3__122__compressed_pair_elemINS_12basic_stringIcNS_11char_traitsIcEENS_9allocatorIcEEE5__repELi0ELb0EE5__getEv
FNDA:1344,_ZNKSt3__122__compressed_pair_elemIPNS_12basic_stringIcNS_11char_traitsIcEENS_9allocatorIcEEEELi0ELb0EE5__getEv
FNDA:5,_ZNKSt3__122__compressed_pair_elemIPNS_4pairIidEELi0ELb0EE5__getEv
FNDA:12,_ZNKSt3__122__compressed_pair_elemIPN6errorx13SequenceQueryELi0ELb0EE5__getEv
FNDA:311,_ZNSt3__122__compressed_pair_elemINS_9allocatorIcEELi1ELb1EEC2Ev
FNDA:173,_ZNSt3__122__compressed_pair_elemINS_9allocatorINS_12basic_stringIcNS_11char_traitsIcEENS1_IcEEEEEELi1ELb1EEC2Ev
FNDA:2,_ZNSt3__122__compressed_pair_elemINS_9allocatorIN6errorx13SequenceQueryEEELi1ELb1EEC2Ev
FNDA:0,_ZNSt3__122__compressed_pair_elemINS_9allocatorIcEELi1ELb1EEC2IRKS2_vEEOT_
FNDA:912,_ZNSt3__122__compressed_pair_elemINS_9allocatorINS_12basic_stringIcNS_11char_traitsIcEENS1_IcEEEEEELi1ELb1EE5__getEv
FNDA:0,_ZNSt3__122__compressed_pair_elemINS_9allocatorIcEELi1ELb1EE5__getEv
FNDA:910,_ZNSt3__122__compressed_pair_elemINS_9allocatorINS_4pairIidEEEELi1ELb1EE5__getEv
FNDA:8,_ZNSt3__122__compressed_pair_elemINS_9allocatorIN6errorx13SequenceQueryEEELi1ELb1EE5__getEv
FNDA:440,_ZNKSt3__122__compressed_pair_elemINS_9allocatorIcEELi1ELb1EE5__getEv
FNDA:228,_ZNKSt3__122__compressed_pair_elemINS_9allocatorINS_12basic_stringIcNS_11char_traitsIcEENS1_IcEEEEEELi1ELb1EE5__getEv
FNDA:2,_ZNKSt3__122__compressed_pair_elemINS_9allocatorIN6errorx13SequenceQueryEEELi1ELb1EE5__getEv
FNDA:311,_ZNSt3__117__compressed_pairINS_12basic_stringIcNS_11char_traitsIcEENS_9allocatorIcEEE5__repES5_EC1ILb1EvEEv
FNDA:311,_ZNSt3__117__compressed_pairINS_12basic_stringIcNS_11char_traitsIcEENS_9allocatorIcEEE5__repES5_EC2ILb1EvEEv
FNDA:173,_ZNSt3__117__compressed_pairIPNS_12basic_stringIcNS_11char_traitsIcEENS_9allocatorIcEEEENS4_IS6_EEEC1IDnLb1EEEOT_
FNDA:173,_ZNSt3__117__compressed_pairIPNS_12basic_stringIcNS_11char_traitsIcEENS_9allocatorIcEEEENS4_IS6_EEEC2IDnLb1EEEOT_
FNDA:2,_ZNSt3__117__compressed_pairIPN6errorx13SequenceQueryENS_9allocatorIS2_EEEC1IDnLb1EEEOT_
FNDA:2,_ZNSt3__117__compressed_pairIPN6errorx13SequenceQueryENS_9allocatorIS2_EEEC2IDnLb1EEEOT_
FNDA:0,_ZNSt3__117__compressed_pairINS_12basic_stringIcNS_11char_traitsIcEENS_9allocatorIcEEE5__repES5_EC1IRKS5_EENS_12__second_tagEOT_
FNDA:0,_ZNSt3__117__compressed_pairINS_12basic_stringIcNS_11char_traitsIcEENS_9allocatorIcEEE5__repES5_EC2IRKS5_EENS_12__second_tagEOT_
FNDA:5,_ZNSt3__117__compressed_pairIP7__sFILEPFiS2_EEC1IRS2_S4_EEOT_OT0_
FNDA:5,_ZNSt3__117__compressed_pairIP7__sFILEPFiS2_EEC2IRS2_S4_EEOT_OT0_
FNDA:220,_ZNSt3__117__compressed_pairIPNS_12basic_stringIcNS_11char_traitsIcEENS_9allocatorIcEEEERNS4_IS6_EEEC1IDnS9_EEOT_OT0_
FNDA:220,_ZNSt3__117__compressed_pairIPNS_12basic_stringIcNS_11char_traitsIcEENS_9allocatorIcEEEERNS4_IS6_EEEC2IDnS9_EEOT_OT0_
FNDA:2,_ZNSt3__117__compressed_pairIPN6errorx13SequenceQueryERNS_9allocatorIS2_EEEC1IDnS6_EEOT_OT0_
FNDA:2,_ZNSt3__117__compressed_pairIPN6errorx13SequenceQueryERNS_9allocatorIS2_EEEC2IDnS6_EEOT_OT0_
FNDA:20,_ZNSt3__117__compressed_pairIP7__sFILEPFiS2_EE5firstEv
FNDA:895,_ZNSt3__117__compressed_pairINS_12basic_stringIcNS_11char_traitsIcEENS_9allocatorIcEEE5__repES5_E5firstEv
FNDA:558,_ZNSt3__117__compressed_pairIPNS_12basic_stringIcNS_11char_traitsIcEENS_9allocatorIcEEEENS4_IS6_EEE5firstEv
FNDA:440,_ZNSt3__117__compressed_pairIPNS_12basic_stringIcNS_11char_traitsIcEENS_9allocatorIcEEEERNS4_IS6_EEE5firstEv
FNDA:4,_ZNSt3__117__compressed_pairIPN6errorx13SequenceQueryENS_9allocatorIS2_EEE5firstEv
FNDA:4,_ZNSt3__117__compressed_pairIPN6errorx13SequenceQueryERNS_9allocatorIS2_EEE5firstEv
FNDA:1360,_ZNKSt3__117__compressed_pairINS_12basic_stringIcNS_11char_traitsIcEENS_9allocatorIcEEE5__repES5_E5firstEv
FNDA:1234,_ZNKSt3__117__compressed_pairIPNS_12basic_stringIcNS_11char_traitsIcEENS_9allocatorIcEEEENS4_IS6_EEE5firstEv
FNDA:110,_ZNKSt3__117__compressed_pairIPNS_12basic_stringIcNS_11char_traitsIcEENS_9allocatorIcEEEERNS4_IS6_EEE5firstEv
FNDA:5,_ZNKSt3__117__compressed_pairIPNS_4pairIidEENS_9allocatorIS2_EEE5firstEv
FNDA:12,_ZNKSt3__117__compressed_pairIPN6errorx13SequenceQueryENS_9allocatorIS2_EEE5firstEv
FNDA:0,_ZNKSt3__117__compressed_pairIPN6errorx13SequenceQueryERNS_9allocatorIS2_EEE5firstEv
FNDA:0,_ZNSt3__117__compressed_pairIP7__sFILEPFiS2_EE6secondEv
FNDA:912,_ZNSt3__117__compressed_pairIPNS_12basic_stringIcNS_11char_traitsIcEENS_9allocatorIcEEEENS4_IS6_EEE6secondEv
FNDA:440,_ZNSt3__117__compressed_pairIPNS_12basic_stringIcNS_11char_traitsIcEENS_9allocatorIcEEEERNS4_IS6_EEE6secondEv
FNDA:0,_ZNSt3__117__compressed_pairINS_12basic_stringIcNS_11char_traitsIcEENS_9allocatorIcEEE5__repES5_E6secondEv
FNDA:910,_ZNSt3__117__compressed_pairIPNS_4pairIidEENS_9allocatorIS2_EEE6secondEv
FNDA:8,_ZNSt3__117__compressed_pairIPN6errorx13SequenceQueryENS_9allocatorIS2_EEE6secondEv
FNDA:2,_ZNSt3__117__compressed_pairIPN6errorx13SequenceQueryERNS_9allocatorIS2_EEE6secondEv
FNDA:440,_ZNKSt3__117__compressed_pairINS_12basic_stringIcNS_11char_traitsIcEENS_9allocatorIcEEE5__repES5_E6secondEv
FNDA:228,_ZNKSt3__117__compressed_pairIPNS_12basic_stringIcNS_11char_traitsIcEENS_9allocatorIcEEEENS4_IS6_EEE6secondEv
FNDA:2,_ZNKSt3__117__compressed_pairIPN6errorx13SequenceQueryENS_9allocatorIS2_EEE6secondEv
FNDA:5,_ZNSt3__110unique_ptrI7__sFILEPFiPS1_EEC1ILb1EvEES2_NS_16__dependent_typeINS_27__unique_ptr_deleter_sfinaeIS4_EEXT_EE20__good_rval_ref_typeE
FNDA:5,_ZNSt3__110unique_ptrI7__sFILEPFiPS1_EEC2ILb1EvEES2_NS_16__dependent_typeINS_27__unique_ptr_deleter_sfinaeIS4_EEXT_EE20__good_rval_ref_typeE
FNDA:5,_ZNSt3__110unique_ptrI7__sFILEPFiPS1_EED1Ev
FNDA:5,_ZNSt3__110unique_ptrI7__sFILEPFiPS1_EED2Ev
FNDA:5,_ZNSt3__110unique_ptrI7__sFILEPFiPS1_EE7releaseEv
FNDA:5,_ZNSt3__110unique_ptrI7__sFILEPFiPS1_EE5resetES2_
FNDA:55,_ZNSt3__116__swap_allocatorINS_9allocatorINS_12basic_stringIcNS_11char_traitsIcEENS1_IcEEEEEEEEvRT_S9_NS_17integral_constantIbLb0EEE
FNF:123
FNH:113
DA:988,390
DA:1106,3405
DA:1547,230
DA:1555,235
DA:1561,680
DA:1562,680
DA:1595,1245
DA:1599,670
DA:1644,32
DA:1645,8
DA:1646,8
DA:1675,664
DA:1677,110
DA:1678,110
DA:1680,222
DA:1715,340
DA:1727,1245
DA:1737,670
DA:1781,486
DA:1790,230
DA:1791,0
DA:1793,230
DA:1796,470
DA:1798,900
DA:1805,340
DA:1806,340
DA:1860,1245
DA:2089,311
DA:2097,629
DA:2110,2363
DA:2112,2721
DA:2126,486
DA:2134,0
DA:2148,1830
DA:2150,670
DA:2180,622
DA:2187,350
DA:2192,0
DA:2197,454
DA:2226,1921
DA:2231,2721
DA:2236,2272
DA:2241,670
DA:2429,10
DA:2432,10
DA:2552,10
DA:2588,5
DA:2589,5
DA:2590,5
DA:2595,5
DA:2596,5
DA:2597,5
DA:2598,0
DA:2599,5
DA:5568,55
LF:55
LH:51
end_of_record
SF:/Applications/Xcode.app/Contents/Developer/Toolchains/XcodeDefault.xctoolchain/usr/include/c++/v1/new
FN:224,_ZNSt3__110__allocateEm
FN:232,_ZNSt3__119__libcpp_deallocateEPv
FNDA:230,_ZNSt3__110__allocateEm
FNDA:235,_ZNSt3__119__libcpp_deallocateEPv
FNF:2
FNH:2
DA:228,230
DA:236,235
DA:238,235
LF:3
LH:3
end_of_record
SF:/Applications/Xcode.app/Contents/Developer/Toolchains/XcodeDefault.xctoolchain/usr/include/c++/v1/ostream
FN:164,_ZNSt3__113basic_ostreamIcNS_11char_traitsIcEEEC2EPNS_15basic_streambufIcS2_EE
FN:194,_ZNSt3__113basic_ostreamIcNS_11char_traitsIcEEElsEPFRS3_S4_E
FN:254,_ZNKSt3__113basic_ostreamIcNS_11char_traitsIcEEE6sentrycvbEv
FN:714,_ZNSt3__124__put_character_sequenceIcNS_11char_traitsIcEEEERNS_13basic_ostreamIT_T0_EES7_PKS4_m
FN:788,_ZNSt3__1lsINS_11char_traitsIcEEEERNS_13basic_ostreamIcT_EES6_c
FN:862,_ZNSt3__1lsINS_11char_traitsIcEEEERNS_13basic_ostreamIcT_EES6_PKc
FN:999,_ZNSt3__14endlIcNS_11char_traitsIcEEEERNS_13basic_ostreamIT_T0_EES7_
FN:1044,_ZNSt3__1lsIcNS_11char_traitsIcEENS_9allocatorIcEEEERNS_13basic_ostreamIT_T0_EES9_RKNS_12basic_stringIS6_S7_T1_EE
FNDA:0,_ZNSt3__113basic_ostreamIcNS_11char_traitsIcEEEC2EPNS_15basic_streambufIcS2_EE
FNDA:0,_ZNSt3__113basic_ostreamIcNS_11char_traitsIcEEElsEPFRS3_S4_E
FNDA:13,_ZNKSt3__113basic_ostreamIcNS_11char_traitsIcEEE6sentrycvbEv
FNDA:13,_ZNSt3__124__put_character_sequenceIcNS_11char_traitsIcEEEERNS_13basic_ostreamIT_T0_EES7_PKS4_m
FNDA:0,_ZNSt3__1lsINS_11char_traitsIcEEEERNS_13basic_ostreamIcT_EES6_c
FNDA:13,_ZNSt3__1lsINS_11char_traitsIcEEEERNS_13basic_ostreamIcT_EES6_PKc
FNDA:0,_ZNSt3__14endlIcNS_11char_traitsIcEEEERNS_13basic_ostreamIT_T0_EES7_
FNDA:0,_ZNSt3__1lsIcNS_11char_traitsIcEENS_9allocatorIcEEEERNS_13basic_ostreamIT_T0_EES9_RKNS_12basic_stringIS6_S7_T1_EE
FNF:8
FNH:3
DA:165,0
DA:195,0
DA:254,13
DA:721,13
DA:722,26
DA:725,52
DA:726,13
DA:727,52
DA:728,0
DA:729,13
DA:730,13
DA:731,13
DA:732,26
DA:733,0
DA:734,13
DA:736,13
DA:739,0
DA:740,0
DA:742,13
DA:743,0
DA:790,0
DA:864,13
DA:1001,0
DA:1002,0
DA:1003,0
DA:1047,0
LF:26
LH:14
end_of_record
SF:/Applications/Xcode.app/Contents/Developer/Toolchains/XcodeDefault.xctoolchain/usr/include/c++/v1/sstream
FN:242,_ZNSt3__115basic_stringbufIcNS_11char_traitsIcEENS_9allocatorIcEEEC1Ej
FN:242,_ZNSt3__115basic_stringbufIcNS_11char_traitsIcEENS_9allocatorIcEEEC2Ej
FN:439,_ZNKSt3__115basic_stringbufIcNS_11char_traitsIcEENS_9allocatorIcEEE3strEv
FN:487,_ZNSt3__115basic_stringbufIcNS_11char_traitsIcEENS_9allocatorIcEEE9underflowEv
FN:503,_ZNSt3__115basic_stringbufIcNS_11char_traitsIcEENS_9allocatorIcEEE9pbackfailEi
FN:527,_ZNSt3__115basic_stringbufIcNS_11char_traitsIcEENS_9allocatorIcEEE8overflowEi
FN:569,_ZNSt3__115basic_stringbufIcNS_11char_traitsIcEENS_9allocatorIcEEE7seekoffExNS_8ios_base7seekdirEj
FN:621,_ZNSt3__115basic_stringbufIcNS_11char_traitsIcEENS_9allocatorIcEEE7seekposENS_4fposI11__mbstate_tEEj
FN:790,_ZNSt3__119basic_ostringstreamIcNS_11char_traitsIcEENS_9allocatorIcEEEC1Ej
FN:851,_ZNKSt3__119basic_ostringstreamIcNS_11char_traitsIcEENS_9allocatorIcEEE3strEv
FNDA:0,_ZNSt3__115basic_stringbufIcNS_11char_traitsIcEENS_9allocatorIcEEEC1Ej
FNDA:0,_ZNSt3__115basic_stringbufIcNS_11char_traitsIcEENS_9allocatorIcEEEC2Ej
FNDA:0,_ZNKSt3__115basic_stringbufIcNS_11char_traitsIcEENS_9allocatorIcEEE3strEv
FNDA:0,_ZNSt3__115basic_stringbufIcNS_11char_traitsIcEENS_9allocatorIcEEE9underflowEv
FNDA:0,_ZNSt3__115basic_stringbufIcNS_11char_traitsIcEENS_9allocatorIcEEE9pbackfailEi
FNDA:0,_ZNSt3__115basic_stringbufIcNS_11char_traitsIcEENS_9allocatorIcEEE8overflowEi
FNDA:0,_ZNSt3__115basic_stringbufIcNS_11char_traitsIcEENS_9allocatorIcEEE7seekoffExNS_8ios_base7seekdirEj
FNDA:0,_ZNSt3__115basic_stringbufIcNS_11char_traitsIcEENS_9allocatorIcEEE7seekposENS_4fposI11__mbstate_tEEj
FNDA:0,_ZNSt3__119basic_ostringstreamIcNS_11char_traitsIcEENS_9allocatorIcEEEC1Ej
FNDA:0,_ZNKSt3__119basic_ostringstreamIcNS_11char_traitsIcEENS_9allocatorIcEEE3strEv
FNF:10
FNH:0
DA:213,0
DA:243,0
DA:244,0
DA:245,0
DA:246,0
DA:441,0
DA:443,0
DA:444,0
DA:445,0
DA:447,0
DA:448,0
DA:449,0
DA:450,0
DA:489,0
DA:490,0
DA:491,0
DA:493,0
DA:494,0
DA:495,0
DA:496,0
DA:497,0
DA:498,0
DA:499,0
DA:505,0
DA:506,0
DA:507,0
DA:509,0
DA:511,0
DA:512,0
DA:514,0
DA:515,0
DA:517,0
DA:518,0
DA:519,0
DA:521,0
DA:522,0
DA:523,0
DA:529,0
DA:531,0
DA:532,0
DA:534,0
DA:535,0
DA:540,0
DA:541,0
DA:542,0
DA:543,0
DA:544,0
DA:545,0
DA:546,0
DA:547,0
DA:549,0
DA:552,0
DA:553,0
DA:555,0
DA:556,0
DA:557,0
DA:559,0
DA:560,0
DA:561,0
DA:562,0
DA:564,0
DA:565,0
DA:573,0
DA:574,0
DA:575,0
DA:576,0
DA:577,0
DA:578,0
DA:579,0
DA:580,0
DA:582,0
DA:585,0
DA:586,0
DA:588,0
DA:589,0
DA:591,0
DA:592,0
DA:594,0
DA:595,0
DA:597,0
DA:599,0
DA:600,0
DA:601,0
DA:602,0
DA:604,0
DA:605,0
DA:606,0
DA:607,0
DA:608,0
DA:609,0
DA:610,0
DA:611,0
DA:613,0
DA:614,0
DA:615,0
DA:616,0
DA:617,0
DA:624,0
DA:766,0
DA:791,0
DA:792,0
DA:793,0
DA:794,0
DA:853,0
LF:104
LH:0
end_of_record
SF:/Applications/Xcode.app/Contents/Developer/Toolchains/XcodeDefault.xctoolchain/usr/include/c++/v1/stdexcept
FN:136,_ZNSt12length_errorC1EPKc
FN:136,_ZNSt12length_errorC2EPKc
FN:222,_ZNSt3__120__throw_length_errorEPKc
FNDA:0,_ZNSt12length_errorC1EPKc
FNDA:0,_ZNSt12length_errorC2EPKc
FNDA:0,_ZNSt3__120__throw_length_errorEPKc
FNF:3
FNH:0
DA:136,0
DA:225,0
DA:230,0
LF:3
LH:0
end_of_record
SF:/Applications/Xcode.app/Contents/Developer/Toolchains/XcodeDefault.xctoolchain/usr/include/c++/v1/streambuf
FN:147,_ZNKSt3__115basic_streambufIcNS_11char_traitsIcEEE6getlocEv
FN:184,_ZNSt3__115basic_streambufIcNS_11char_traitsIcEEE6sbumpcEv
FN:218,_ZNSt3__115basic_streambufIcNS_11char_traitsIcEEE5sputcEc
FN:226,_ZNSt3__115basic_streambufIcNS_11char_traitsIcEEE5sputnEPKcl
FN:236,_ZNKSt3__115basic_streambufIcNS_11char_traitsIcEEE5ebackEv
FN:237,_ZNKSt3__115basic_streambufIcNS_11char_traitsIcEEE4gptrEv
FN:238,_ZNKSt3__115basic_streambufIcNS_11char_traitsIcEEE5egptrEv
FN:241,_ZNSt3__115basic_streambufIcNS_11char_traitsIcEEE5gbumpEi
FN:244,_ZNSt3__115basic_streambufIcNS_11char_traitsIcEEE4setgEPcS4_S4_
FN:251,_ZNKSt3__115basic_streambufIcNS_11char_traitsIcEEE5pbaseEv
FN:252,_ZNKSt3__115basic_streambufIcNS_11char_traitsIcEEE4pptrEv
FN:253,_ZNKSt3__115basic_streambufIcNS_11char_traitsIcEEE5epptrEv
FN:256,_ZNSt3__115basic_streambufIcNS_11char_traitsIcEEE5pbumpEi
FN:259,_ZNSt3__115basic_streambufIcNS_11char_traitsIcEEE7__pbumpEl
FN:262,_ZNSt3__115basic_streambufIcNS_11char_traitsIcEEE4setpEPcS4_
FNDA:10,_ZNKSt3__115basic_streambufIcNS_11char_traitsIcEEE6getlocEv
FNDA:390,_ZNSt3__115basic_streambufIcNS_11char_traitsIcEEE6sbumpcEv
FNDA:0,_ZNSt3__115basic_streambufIcNS_11char_traitsIcEEE5sputcEc
FNDA:13,_ZNSt3__115basic_streambufIcNS_11char_traitsIcEEE5sputnEPKcl
FNDA:60,_ZNKSt3__115basic_streambufIcNS_11char_traitsIcEEE5ebackEv
FNDA:30,_ZNKSt3__115basic_streambufIcNS_11char_traitsIcEEE4gptrEv
FNDA:40,_ZNKSt3__115basic_streambufIcNS_11char_traitsIcEEE5egptrEv
FNDA:0,_ZNSt3__115basic_streambufIcNS_11char_traitsIcEEE5gbumpEi
FNDA:20,_ZNSt3__115basic_streambufIcNS_11char_traitsIcEEE4setgEPcS4_S4_
FNDA:0,_ZNKSt3__115basic_streambufIcNS_11char_traitsIcEEE5pbaseEv
FNDA:0,_ZNKSt3__115basic_streambufIcNS_11char_traitsIcEEE4pptrEv
FNDA:0,_ZNKSt3__115basic_streambufIcNS_11char_traitsIcEEE5epptrEv
FNDA:0,_ZNSt3__115basic_streambufIcNS_11char_traitsIcEEE5pbumpEi
FNDA:0,_ZNSt3__115basic_streambufIcNS_11char_traitsIcEEE7__pbumpEl
FNDA:10,_ZNSt3__115basic_streambufIcNS_11char_traitsIcEEE4setpEPcS4_
FNF:15
FNH:8
DA:147,10
DA:185,390
DA:186,10
DA:187,380
DA:188,390
DA:219,0
DA:220,0
DA:221,0
DA:222,0
DA:223,0
DA:227,13
DA:236,60
DA:237,30
DA:238,40
DA:241,0
DA:245,20
DA:246,20
DA:247,20
DA:248,20
DA:251,0
DA:252,0
DA:253,0
DA:256,0
DA:259,0
DA:263,10
DA:264,10
DA:265,10
LF:27
LH:16
end_of_record
SF:/Applications/Xcode.app/Contents/Developer/Toolchains/XcodeDefault.xctoolchain/usr/include/c++/v1/string
FN:515,_ZNSt3__14fposI11__mbstate_tEC1Ex
FN:515,_ZNSt3__14fposI11__mbstate_tEC2Ex
FN:517,_ZNKSt3__14fposI11__mbstate_tEcvxEv
FN:519,_ZNKSt3__14fposI11__mbstate_tE5stateEv
FN:520,_ZNSt3__14fposI11__mbstate_tE5stateES1_
FN:839,_ZNSt3__112basic_stringIcNS_11char_traitsIcEENS_9allocatorIcEEEaSEPKc
FN:857,_ZNSt3__112basic_stringIcNS_11char_traitsIcEENS_9allocatorIcEEE5beginEv
FN:860,_ZNKSt3__112basic_stringIcNS_11char_traitsIcEENS_9allocatorIcEEE5beginEv
FN:863,_ZNSt3__112basic_stringIcNS_11char_traitsIcEENS_9allocatorIcEEE3endEv
FN:866,_ZNKSt3__112basic_stringIcNS_11char_traitsIcEENS_9allocatorIcEEE3endEv
FN:895,_ZNKSt3__112basic_stringIcNS_11char_traitsIcEENS_9allocatorIcEEE4sizeEv
FN:897,_ZNKSt3__112basic_stringIcNS_11char_traitsIcEENS_9allocatorIcEEE6lengthEv
FN:899,_ZNKSt3__112basic_stringIcNS_11char_traitsIcEENS_9allocatorIcEEE8capacityEv
FN:904,_ZNSt3__112basic_stringIcNS_11char_traitsIcEENS_9allocatorIcEEE6resizeEm
FN:912,_ZNKSt3__112basic_stringIcNS_11char_traitsIcEENS_9allocatorIcEEE5emptyEv
FN:920,_ZNSt3__112basic_stringIcNS_11char_traitsIcEENS_9allocatorIcEEEpLERKS5_
FN:922,_ZNSt3__112basic_stringIcNS_11char_traitsIcEENS_9allocatorIcEEEpLEPKc
FN:923,_ZNSt3__112basic_stringIcNS_11char_traitsIcEENS_9allocatorIcEEEpLEc
FN:1135,_ZNKSt3__112basic_stringIcNS_11char_traitsIcEENS_9allocatorIcEEE5c_strEv
FN:1137,_ZNKSt3__112basic_stringIcNS_11char_traitsIcEENS_9allocatorIcEEE4dataEv
FN:1144,_ZNKSt3__112basic_stringIcNS_11char_traitsIcEENS_9allocatorIcEEE13get_allocatorEv
FN:1254,_ZNKSt3__112basic_stringIcNS_11char_traitsIcEENS_9allocatorIcEEE9__is_longEv
FN:1268,_ZNSt3__112basic_stringIcNS_11char_traitsIcEENS_9allocatorIcEEE7__allocEv
FN:1271,_ZNKSt3__112basic_stringIcNS_11char_traitsIcEENS_9allocatorIcEEE7__allocEv
FN:1295,_ZNSt3__112basic_stringIcNS_11char_traitsIcEENS_9allocatorIcEEE16__set_short_sizeEm
FN:1303,_ZNKSt3__112basic_stringIcNS_11char_traitsIcEENS_9allocatorIcEEE16__get_short_sizeEv
FN:1313,_ZNSt3__112basic_stringIcNS_11char_traitsIcEENS_9allocatorIcEEE15__set_long_sizeEm
FN:1316,_ZNKSt3__112basic_stringIcNS_11char_traitsIcEENS_9allocatorIcEEE15__get_long_sizeEv
FN:1323,_ZNSt3__112basic_stringIcNS_11char_traitsIcEENS_9allocatorIcEEE14__set_long_capEm
FN:1326,_ZNKSt3__112basic_stringIcNS_11char_traitsIcEENS_9allocatorIcEEE14__get_long_capEv
FN:1330,_ZNSt3__112basic_stringIcNS_11char_traitsIcEENS_9allocatorIcEEE18__set_long_pointerEPc
FN:1333,_ZNSt3__112basic_stringIcNS_11char_traitsIcEENS_9allocatorIcEEE18__get_long_pointerEv
FN:1336,_ZNKSt3__112basic_stringIcNS_11char_traitsIcEENS_9allocatorIcEEE18__get_long_pointerEv
FN:1339,_ZNSt3__112basic_stringIcNS_11char_traitsIcEENS_9allocatorIcEEE19__get_short_pointerEv
FN:1342,_ZNKSt3__112basic_stringIcNS_11char_traitsIcEENS_9allocatorIcEEE19__get_short_pointerEv
FN:1345,_ZNSt3__112basic_stringIcNS_11char_traitsIcEENS_9allocatorIcEEE13__get_pointerEv
FN:1348,_ZNKSt3__112basic_stringIcNS_11char_traitsIcEENS_9allocatorIcEEE13__get_pointerEv
FN:1352,_ZNSt3__112basic_stringIcNS_11char_traitsIcEENS_9allocatorIcEEE6__zeroEv
FN:1361,_ZNSt3__112basic_stringIcNS_11char_traitsIcEENS_9allocatorIcEEE10__align_itILm16EEEmm
FN:1365,_ZNSt3__112basic_stringIcNS_11char_traitsIcEENS_9allocatorIcEEE11__recommendEm
FN:1487,_ZNSt3__112basic_stringIcNS_11char_traitsIcEENS_9allocatorIcEEE26__invalidate_all_iteratorsEv
FN:1526,_ZNSt3__112basic_stringIcNS_11char_traitsIcEENS_9allocatorIcEEEC2Ev
FN:1526,_ZNSt3__112basic_stringIcNS_11char_traitsIcEENS_9allocatorIcEEEC1Ev
FN:1537,_ZNSt3__112basic_stringIcNS_11char_traitsIcEENS_9allocatorIcEEEC2ERKS4_
FN:1537,_ZNSt3__112basic_stringIcNS_11char_traitsIcEENS_9allocatorIcEEEC1ERKS4_
FN:1602,_ZNSt3__112basic_stringIcNS_11char_traitsIcEENS_9allocatorIcEEEC1EPKc
FN:1602,_ZNSt3__112basic_stringIcNS_11char_traitsIcEENS_9allocatorIcEEEC2EPKc
FN:1677,_ZNSt3__112basic_stringIcNS_11char_traitsIcEENS_9allocatorIcEEEC2EOS5_
FN:1677,_ZNSt3__112basic_stringIcNS_11char_traitsIcEENS_9allocatorIcEEEC1EOS5_
FN:1740,_ZNSt3__112basic_stringIcNS_11char_traitsIcEENS_9allocatorIcEEEC2Emc
FN:1740,_ZNSt3__112basic_stringIcNS_11char_traitsIcEENS_9allocatorIcEEEC1Emc
FN:1858,_ZNSt3__112basic_stringIcNS_11char_traitsIcEENS_9allocatorIcEEE6__initINS_11__wrap_iterIPcEEEENS_9enable_ifIXsr21__is_forward_iteratorIT_EE5valueEvE4typeESB_SB_
FN:1858,_ZNSt3__112basic_stringIcNS_11char_traitsIcEENS_9allocatorIcEEE6__initIPcEENS_9enable_ifIXsr21__is_forward_iteratorIT_EE5valueEvE4typeES9_S9_
FN:1885,_ZNSt3__112basic_stringIcNS_11char_traitsIcEENS_9allocatorIcEEEC1INS_11__wrap_iterIPcEEEET_SA_
FN:1885,_ZNSt3__112basic_stringIcNS_11char_traitsIcEENS_9allocatorIcEEEC2INS_11__wrap_iterIPcEEEET_SA_
FN:1896,_ZNSt3__112basic_stringIcNS_11char_traitsIcEENS_9allocatorIcEEEC1IPcEET_S8_RKS4_
FN:1896,_ZNSt3__112basic_stringIcNS_11char_traitsIcEENS_9allocatorIcEEEC2IPcEET_S8_RKS4_
FN:2332,_ZNSt3__112basic_stringIcNS_11char_traitsIcEENS_9allocatorIcEEE6appendERKS5_
FN:2857,_ZNSt3__112basic_stringIcNS_11char_traitsIcEENS_9allocatorIcEEE5clearEv
FN:2904,_ZNKSt3__112basic_stringIcNS_11char_traitsIcEENS_9allocatorIcEEE8max_sizeEv
FN:2980,_ZNKSt3__112basic_stringIcNS_11char_traitsIcEENS_9allocatorIcEEEixEm
FN:3576,_ZNSt3__1eqINS_9allocatorIcEEEEbRKNS_12basic_stringIcNS_11char_traitsIcEET_EES9_
FN:3608,_ZNSt3__1eqIcNS_11char_traitsIcEENS_9allocatorIcEEEEbRKNS_12basic_stringIT_T0_T1_EEPKS6_
FNDA:0,_ZNSt3__14fposI11__mbstate_tEC1Ex
FNDA:0,_ZNSt3__14fposI11__mbstate_tEC2Ex
FNDA:0,_ZNKSt3__14fposI11__mbstate_tEcvxEv
FNDA:0,_ZNKSt3__14fposI11__mbstate_tE5stateEv
FNDA:0,_ZNSt3__14fposI11__mbstate_tE5stateES1_
FNDA:0,_ZNSt3__112basic_stringIcNS_11char_traitsIcEENS_9allocatorIcEEEaSEPKc
FNDA:55,_ZNSt3__112basic_stringIcNS_11char_traitsIcEENS_9allocatorIcEEE5beginEv
FNDA:55,_ZNKSt3__112basic_stringIcNS_11char_traitsIcEENS_9allocatorIcEEE5beginEv
FNDA:55,_ZNSt3__112basic_stringIcNS_11char_traitsIcEENS_9allocatorIcEEE3endEv
FNDA:55,_ZNKSt3__112basic_stringIcNS_11char_traitsIcEENS_9allocatorIcEEE3endEv
FNDA:470,_ZNKSt3__112basic_stringIcNS_11char_traitsIcEENS_9allocatorIcEEE4sizeEv
FNDA:0,_ZNKSt3__112basic_stringIcNS_11char_traitsIcEENS_9allocatorIcEEE6lengthEv
FNDA:0,_ZNKSt3__112basic_stringIcNS_11char_traitsIcEENS_9allocatorIcEEE8capacityEv
FNDA:0,_ZNSt3__112basic_stringIcNS_11char_traitsIcEENS_9allocatorIcEEE6resizeEm
FNDA:0,_ZNKSt3__112basic_stringIcNS_11char_traitsIcEENS_9allocatorIcEEE5emptyEv
FNDA:0,_ZNSt3__112basic_stringIcNS_11char_traitsIcEENS_9allocatorIcEEEpLERKS5_
FNDA:0,_ZNSt3__112basic_stringIcNS_11char_traitsIcEENS_9allocatorIcEEEpLEPKc
FNDA:0,_ZNSt3__112basic_stringIcNS_11char_traitsIcEENS_9allocatorIcEEEpLEc
FNDA:0,_ZNKSt3__112basic_stringIcNS_11char_traitsIcEENS_9allocatorIcEEE5c_strEv
FNDA:12,_ZNKSt3__112basic_stringIcNS_11char_traitsIcEENS_9allocatorIcEEE4dataEv
FNDA:0,_ZNKSt3__112basic_stringIcNS_11char_traitsIcEENS_9allocatorIcEEE13get_allocatorEv
FNDA:768,_ZNKSt3__112basic_stringIcNS_11char_traitsIcEENS_9allocatorIcEEE9__is_longEv
FNDA:0,_ZNSt3__112basic_stringIcNS_11char_traitsIcEENS_9allocatorIcEEE7__allocEv
FNDA:440,_ZNKSt3__112basic_stringIcNS_11char_traitsIcEENS_9allocatorIcEEE7__allocEv
FNDA:170,_ZNSt3__112basic_stringIcNS_11char_traitsIcEENS_9allocatorIcEEE16__set_short_sizeEm
FNDA:442,_ZNKSt3__112basic_stringIcNS_11char_traitsIcEENS_9allocatorIcEEE16__get_short_sizeEv
FNDA:0,_ZNSt3__112basic_stringIcNS_11char_traitsIcEENS_9allocatorIcEEE15__set_long_sizeEm
FNDA:28,_ZNKSt3__112basic_stringIcNS_11char_traitsIcEENS_9allocatorIcEEE15__get_long_sizeEv
FNDA:0,_ZNSt3__112basic_stringIcNS_11char_traitsIcEENS_9allocatorIcEEE14__set_long_capEm
FNDA:0,_ZNKSt3__112basic_stringIcNS_11char_traitsIcEENS_9allocatorIcEEE14__get_long_capEv
FNDA:0,_ZNSt3__112basic_stringIcNS_11char_traitsIcEENS_9allocatorIcEEE18__set_long_pointerEPc
FNDA:0,_ZNSt3__112basic_stringIcNS_11char_traitsIcEENS_9allocatorIcEEE18__get_long_pointerEv
FNDA:12,_ZNKSt3__112basic_stringIcNS_11char_traitsIcEENS_9allocatorIcEEE18__get_long_pointerEv
FNDA:280,_ZNSt3__112basic_stringIcNS_11char_traitsIcEENS_9allocatorIcEEE19__get_short_pointerEv
FNDA:110,_ZNKSt3__112basic_stringIcNS_11char_traitsIcEENS_9allocatorIcEEE19__get_short_pointerEv
FNDA:110,_ZNSt3__112basic_stringIcNS_11char_traitsIcEENS_9allocatorIcEEE13__get_pointerEv
FNDA:122,_ZNKSt3__112basic_stringIcNS_11char_traitsIcEENS_9allocatorIcEEE13__get_pointerEv
FNDA:445,_ZNSt3__112basic_stringIcNS_11char_traitsIcEENS_9allocatorIcEEE6__zeroEv
FNDA:0,_ZNSt3__112basic_stringIcNS_11char_traitsIcEENS_9allocatorIcEEE10__align_itILm16EEEmm
FNDA:0,_ZNSt3__112basic_stringIcNS_11char_traitsIcEENS_9allocatorIcEEE11__recommendEm
FNDA:60,_ZNSt3__112basic_stringIcNS_11char_traitsIcEENS_9allocatorIcEEE26__invalidate_all_iteratorsEv
FNDA:115,_ZNSt3__112basic_stringIcNS_11char_traitsIcEENS_9allocatorIcEEEC1Ev
FNDA:115,_ZNSt3__112basic_stringIcNS_11char_traitsIcEENS_9allocatorIcEEEC2Ev
FNDA:0,_ZNSt3__112basic_stringIcNS_11char_traitsIcEENS_9allocatorIcEEEC1ERKS4_
FNDA:0,_ZNSt3__112basic_stringIcNS_11char_traitsIcEENS_9allocatorIcEEEC2ERKS4_
FNDA:86,_ZNSt3__112basic_stringIcNS_11char_traitsIcEENS_9allocatorIcEEEC1EPKc
FNDA:86,_ZNSt3__112basic_stringIcNS_11char_traitsIcEENS_9allocatorIcEEEC2EPKc
FNDA:330,_ZNSt3__112basic_stringIcNS_11char_traitsIcEENS_9allocatorIcEEEC1EOS5_
FNDA:330,_ZNSt3__112basic_stringIcNS_11char_traitsIcEENS_9allocatorIcEEEC2EOS5_
FNDA:0,_ZNSt3__112basic_stringIcNS_11char_traitsIcEENS_9allocatorIcEEEC1Emc
FNDA:0,_ZNSt3__112basic_stringIcNS_11char_traitsIcEENS_9allocatorIcEEEC2Emc
FNDA:110,_ZNSt3__112basic_stringIcNS_11char_traitsIcEENS_9allocatorIcEEE6__initINS_11__wrap_iterIPcEEEENS_9enable_ifIXsr21__is_forward_iteratorIT_EE5valueEvE4typeESB_SB_
FNDA:0,_ZNSt3__112basic_stringIcNS_11char_traitsIcEENS_9allocatorIcEEE6__initIPcEENS_9enable_ifIXsr21__is_forward_iteratorIT_EE5valueEvE4typeES9_S9_
FNDA:110,_ZNSt3__112basic_stringIcNS_11char_traitsIcEENS_9allocatorIcEEEC1INS_11__wrap_iterIPcEEEET_SA_
FNDA:110,_ZNSt3__112basic_stringIcNS_11char_traitsIcEENS_9allocatorIcEEEC2INS_11__wrap_iterIPcEEEET_SA_
FNDA:0,_ZNSt3__112basic_stringIcNS_11char_traitsIcEENS_9allocatorIcEEEC1IPcEET_S8_RKS4_
FNDA:0,_ZNSt3__112basic_stringIcNS_11char_traitsIcEENS_9allocatorIcEEEC2IPcEET_S8_RKS4_
FNDA:0,_ZNSt3__112basic_stringIcNS_11char_traitsIcEENS_9allocatorIcEEE6appendERKS5_
FNDA:60,_ZNSt3__112basic_stringIcNS_11char_traitsIcEENS_9allocatorIcEEE5clearEv
FNDA:440,_ZNKSt3__112basic_stringIcNS_11char_traitsIcEENS_9allocatorIcEEE8max_sizeEv
FNDA:0,_ZNKSt3__112basic_stringIcNS_11char_traitsIcEENS_9allocatorIcEEEixEm
FNDA:6,_ZNSt3__1eqINS_9allocatorIcEEEEbRKNS_12basic_stringIcNS_11char_traitsIcEET_EES9_
FNDA:18,_ZNSt3__1eqIcNS_11char_traitsIcEENS_9allocatorIcEEEEbRKNS_12basic_stringIT_T0_T1_EEPKS6_
FNF:63
FNH:31
DA:515,0
DA:517,0
DA:519,0
DA:520,0
DA:757,115
DA:782,86
DA:790,0
DA:809,110
DA:839,0
DA:858,55
DA:861,55
DA:864,55
DA:867,55
DA:896,1410
DA:897,0
DA:900,0
DA:901,0
DA:904,0
DA:912,0
DA:920,0
DA:922,0
DA:923,0
DA:1135,0
DA:1137,12
DA:1144,0
DA:1255,768
DA:1269,0
DA:1272,440
DA:1299,170
DA:1307,442
DA:1314,0
DA:1317,28
DA:1324,0
DA:1327,0
DA:1331,0
DA:1334,0
DA:1337,12
DA:1340,280
DA:1343,110
DA:1346,330
DA:1349,366
DA:1354,445
DA:1355,3560
DA:1356,1335
DA:1357,445
DA:1362,0
DA:1366,0
DA:1367,0
DA:1368,0
DA:1492,60
DA:1528,230
DA:1532,115
DA:1533,230
DA:1543,0
DA:1544,0
DA:1548,0
DA:1549,0
DA:1603,172
DA:1605,86
DA:1609,172
DA:1683,330
DA:1684,660
DA:1685,330
DA:1691,660
DA:1741,0
DA:1742,0
DA:1746,0
DA:1860,110
DA:1861,110
DA:1862,0
DA:1864,110
DA:1866,110
DA:1867,110
DA:1868,110
DA:1871,0
DA:1872,0
DA:1873,0
DA:1874,0
DA:1875,0
DA:1877,770
DA:1878,275
DA:1879,110
DA:1880,110
DA:1886,220
DA:1887,110
DA:1891,220
DA:1898,0
DA:1899,0
DA:1900,0
DA:1904,0
DA:2334,0
DA:2859,60
DA:2860,60
DA:2862,0
DA:2863,0
DA:2864,0
DA:2867,60
DA:2868,60
DA:2870,60
DA:2906,440
DA:2910,440
DA:2983,0
DA:3579,6
DA:3580,6
DA:3581,0
DA:3582,6
DA:3583,6
DA:3584,6
DA:3585,6
DA:3586,0
DA:3587,0
DA:3588,0
DA:3589,0
DA:3590,6
DA:3613,18
DA:3614,18
DA:3615,36
DA:3616,18
LF:118
LH:65
end_of_record
SF:/Applications/Xcode.app/Contents/Developer/Toolchains/XcodeDefault.xctoolchain/usr/include/c++/v1/system_error
FN:407,_ZNKSt3__114error_categoryeqERKS0_
FN:437,_ZNSt3__115error_conditionC1EiRKNS_14error_categoryE
FN:437,_ZNSt3__115error_conditionC2EiRKNS_14error_categoryE
FN:472,_ZNKSt3__115error_condition5valueEv
FN:475,_ZNKSt3__115error_condition8categoryEv
FN:544,_ZNKSt3__110error_code5valueEv
FN:547,_ZNKSt3__110error_code8categoryEv
FN:599,_ZNSt3__1eqERKNS_15error_conditionES2_
FNDA:0,_ZNKSt3__114error_categoryeqERKS0_
FNDA:0,_ZNSt3__115error_conditionC1EiRKNS_14error_categoryE
FNDA:0,_ZNSt3__115error_conditionC2EiRKNS_14error_categoryE
FNDA:0,_ZNKSt3__115error_condition5valueEv
FNDA:0,_ZNKSt3__115error_condition8categoryEv
FNDA:0,_ZNKSt3__110error_code5valueEv
FNDA:0,_ZNKSt3__110error_code8categoryEv
FNDA:0,_ZNSt3__1eqERKNS_15error_conditionES2_
FNF:8
FNH:0
DA:407,0
DA:438,0
DA:472,0
DA:475,0
DA:544,0
DA:547,0
DA:601,0
LF:7
LH:0
end_of_record
SF:/Applications/Xcode.app/Contents/Developer/Toolchains/XcodeDefault.xctoolchain/usr/include/c++/v1/type_traits
FN:449,_ZNSt3__19addressofIcEEPT_RS1_
FN:449,_ZNSt3__19addressofIKcEEPT_RS2_
FN:2290,_ZNSt3__14moveIRNS_17__compressed_pairINS_12basic_stringIcNS_11char_traitsIcEENS_9allocatorIcEEE5__repES6_EEEEONS_16remove_referenceIT_E4typeEOSC_
FN:2290,_ZNSt3__14moveIRN6errorx13SequenceQueryEEEONS_16remove_referenceIT_E4typeEOS5_
FN:2290,_ZNSt3__14moveIRPNS_12basic_stringIcNS_11char_traitsIcEENS_9allocatorIcEEEEEEONS_16remove_referenceIT_E4typeEOSA_
FN:2290,_ZNSt3__14moveIRPFiP7__sFILEEEEONS_16remove_referenceIT_E4typeEOS7_
FN:2290,_ZNSt3__14moveIRNS_12basic_stringIcNS_11char_traitsIcEENS_9allocatorIcEEEEEEONS_16remove_referenceIT_E4typeEOS9_
FN:2290,_ZNSt3__14moveIRPN6errorx13SequenceQueryEEEONS_16remove_referenceIT_E4typeEOS6_
FN:2299,_ZNSt3__17forwardIRP7__sFILEEEOT_RNS_16remove_referenceIS4_E4typeE
FN:2299,_ZNSt3__17forwardIRKNS_9allocatorIcEEEEOT_RNS_16remove_referenceIS5_E4typeE
FN:2299,_ZNSt3__17forwardIPFiP7__sFILEEEEOT_RNS_16remove_referenceIS5_E4typeE
FN:2299,_ZNSt3__17forwardINS_12basic_stringIcNS_11char_traitsIcEENS_9allocatorIcEEEEEEOT_RNS_16remove_referenceIS7_E4typeE
FN:2299,_ZNSt3__17forwardIRKNS_12basic_stringIcNS_11char_traitsIcEENS_9allocatorIcEEEEEEOT_RNS_16remove_referenceIS9_E4typeE
FN:2299,_ZNSt3__17forwardIRNS_9allocatorINS_12basic_stringIcNS_11char_traitsIcEENS1_IcEEEEEEEEOT_RNS_16remove_referenceIS9_E4typeE
FN:2299,_ZNSt3__17forwardIRKN6errorx13SequenceQueryEEEOT_RNS_16remove_referenceIS5_E4typeE
FN:2299,_ZNSt3__17forwardIRNS_9allocatorIN6errorx13SequenceQueryEEEEEOT_RNS_16remove_referenceIS6_E4typeE
FN:2299,_ZNSt3__17forwardIDnEEOT_RNS_16remove_referenceIS1_E4typeE
FN:4589,_ZNSt3__14swapIPN6errorx13SequenceQueryEEENS_9enable_ifIXaasr21is_move_constructibleIT_EE5valuesr18is_move_assignableIS5_EE5valueEvE4typeERS5_S8_
FN:4589,_ZNSt3__14swapIPNS_12basic_stringIcNS_11char_traitsIcEENS_9allocatorIcEEEEEENS_9enable_ifIXaasr21is_move_constructibleIT_EE5valuesr18is_move_assignableIS9_EE5valueEvE4typeERS9_SC_
FNDA:110,_ZNSt3__19addressofIKcEEPT_RS2_
FNDA:280,_ZNSt3__19addressofIcEEPT_RS1_
FNDA:5,_ZNSt3__14moveIRPFiP7__sFILEEEEONS_16remove_referenceIT_E4typeEOS7_
FNDA:330,_ZNSt3__14moveIRNS_17__compressed_pairINS_12basic_stringIcNS_11char_traitsIcEENS_9allocatorIcEEE5__repES6_EEEEONS_16remove_referenceIT_E4typeEOSC_
FNDA:220,_ZNSt3__14moveIRNS_12basic_stringIcNS_11char_traitsIcEENS_9allocatorIcEEEEEEONS_16remove_referenceIT_E4typeEOS9_
FNDA:2475,_ZNSt3__14moveIRPNS_12basic_stringIcNS_11char_traitsIcEENS_9allocatorIcEEEEEEONS_16remove_referenceIT_E4typeEOSA_
FNDA:0,_ZNSt3__14moveIRN6errorx13SequenceQueryEEEONS_16remove_referenceIT_E4typeEOS5_
FNDA:18,_ZNSt3__14moveIRPN6errorx13SequenceQueryEEEONS_16remove_referenceIT_E4typeEOS6_
FNDA:10,_ZNSt3__17forwardIRP7__sFILEEEOT_RNS_16remove_referenceIS4_E4typeE
FNDA:10,_ZNSt3__17forwardIPFiP7__sFILEEEEOT_RNS_16remove_referenceIS5_E4typeE
FNDA:794,_ZNSt3__17forwardIDnEEOT_RNS_16remove_referenceIS1_E4typeE
FNDA:1430,_ZNSt3__17forwardINS_12basic_stringIcNS_11char_traitsIcEENS_9allocatorIcEEEEEEOT_RNS_16remove_referenceIS7_E4typeE
FNDA:440,_ZNSt3__17forwardIRNS_9allocatorINS_12basic_stringIcNS_11char_traitsIcEENS1_IcEEEEEEEEOT_RNS_16remove_referenceIS9_E4typeE
FNDA:24,_ZNSt3__17forwardIRKNS_12basic_stringIcNS_11char_traitsIcEENS_9allocatorIcEEEEEEOT_RNS_16remove_referenceIS9_E4typeE
FNDA:8,_ZNSt3__17forwardIRKN6errorx13SequenceQueryEEEOT_RNS_16remove_referenceIS5_E4typeE
FNDA:4,_ZNSt3__17forwardIRNS_9allocatorIN6errorx13SequenceQueryEEEEEOT_RNS_16remove_referenceIS6_E4typeE
FNDA:0,_ZNSt3__17forwardIRKNS_9allocatorIcEEEEOT_RNS_16remove_referenceIS5_E4typeE
FNDA:825,_ZNSt3__14swapIPNS_12basic_stringIcNS_11char_traitsIcEENS_9allocatorIcEEEEEENS_9enable_ifIXaasr21is_move_constructibleIT_EE5valuesr18is_move_assignableIS9_EE5valueEvE4typeERS9_SC_
FNDA:6,_ZNSt3__14swapIPN6errorx13SequenceQueryEEENS_9enable_ifIXaasr21is_move_constructibleIT_EE5valuesr18is_move_assignableIS5_EE5valueEvE4typeERS5_S8_
FNF:19
FNH:17
DA:451,390
DA:2293,3048
DA:2301,2720
DA:4592,831
DA:4593,831
DA:4594,831
DA:4595,831
LF:7
LH:7
end_of_record
SF:/Applications/Xcode.app/Contents/Developer/Toolchains/XcodeDefault.xctoolchain/usr/include/c++/v1/typeinfo
FN:180,_ZNKSt9type_info4nameEv
FN:202,_ZNSt8bad_castC2ERKS_
FN:224,_ZNSt3__116__throw_bad_castEv
FNDA:0,_ZNKSt9type_info4nameEv
FNDA:0,_ZNSt8bad_castC2ERKS_
FNDA:0,_ZNSt3__116__throw_bad_castEv
FNF:3
FNH:0
DA:181,0
DA:202,0
DA:227,0
DA:231,0
LF:4
LH:0
end_of_record
SF:/Applications/Xcode.app/Contents/Developer/Toolchains/XcodeDefault.xctoolchain/usr/include/c++/v1/utility
FN:285,_ZNSt3__116move_if_noexceptINS_12basic_stringIcNS_11char_traitsIcEENS_9allocatorIcEEEEEENS_11conditionalIXaantsr29is_nothrow_move_constructibleIT_EE5valuesr21is_copy_constructibleIS8_EE5valueERKS8_OS8_E4typeERS8_
FN:285,_ZNSt3__116move_if_noexceptIN6errorx13SequenceQueryEEENS_11conditionalIXaantsr29is_nothrow_move_constructibleIT_EE5valuesr21is_copy_constructibleIS4_EE5valueERKS4_OS4_E4typeERS4_
[...]
FNDA:0,_ZN7CxxTest12TestListener19failedAssertDiffersEPKciS2_S2_S2_
FNDA:0,_ZN7CxxTest12TestListener20failedAssertLessThanEPKciS2_S2_S2_S2_
FNDA:0,_ZN7CxxTest12TestListener26failedAssertLessThanEqualsEPKciS2_S2_S2_S2_
FNDA:0,_ZN7CxxTest12TestListener21failedAssertPredicateEPKciS2_S2_S2_
FNDA:0,_ZN7CxxTest12TestListener20failedAssertRelationEPKciS2_S2_S2_S2_S2_
FNDA:0,_ZN7CxxTest12TestListener18failedAssertThrowsEPKciS2_S2_b
FNDA:0,_ZN7CxxTest12TestListener21failedAssertThrowsNotEPKciS2_
FNDA:0,_ZN7CxxTest12TestListener21failedAssertSameFilesEPKciS2_S2_S2_
FNDA:0,_ZN7CxxTest12TestListener9leaveTestERKNS_15TestDescriptionE
FNDA:1,_ZN7CxxTest12TestListener10leaveSuiteERKNS_16SuiteDescriptionE
FNDA:0,_ZN7CxxTest12TestListener10leaveWorldERKNS_16WorldDescriptionE
FNF:28
FNH:6
DA:31,4
DA:32,4
DA:33,1
DA:35,0
DA:36,0
DA:37,0
DA:39,0
DA:41,0
DA:43,0
DA:45,0
DA:47,0
DA:50,0
DA:54,0
DA:58,0
DA:61,0
DA:64,0
DA:67,0
DA:69,0
DA:72,0
DA:75,0
DA:77,0
DA:79,0
DA:80,0
DA:81,1
DA:82,0
LF:25
LH:4
end_of_record
SF:/Users/alexsevy/ErrorX/unit_test/cxxtest/cxxtest/TestMain.h
FN:36,_ZN7CxxTest10print_helpEPKc
FN:49,_ZN7CxxTest4MainINS_12ErrorPrinterEEEiRT_iPPc
FNDA:0,_ZN7CxxTest10print_helpEPKc
FNDA:1,_ZN7CxxTest4MainINS_12ErrorPrinterEEEiRT_iPPc
FNF:2
FNH:1
DA:38,0
DA:39,0
DA:40,0
DA:41,0
DA:42,0
DA:43,0
DA:44,0
DA:62,2
DA:64,0
DA:66,0
DA:67,0
DA:69,0
DA:71,0
DA:72,0
DA:73,0
DA:74,0
DA:76,0
DA:77,0
DA:78,0
DA:80,0
DA:85,3
DA:87,0
DA:89,0
DA:90,0
DA:93,0
DA:94,0
DA:96,0
DA:98,0
DA:99,0
DA:100,0
DA:106,1
DA:107,1
DA:109,0
DA:110,0
DA:112,0
DA:113,0
DA:115,0
DA:116,1
DA:118,0
DA:119,0
DA:121,0
DA:122,0
DA:124,0
DA:127,1
DA:128,1
DA:129,1
LF:46
LH:8
end_of_record
SF:/Users/alexsevy/ErrorX/unit_test/cxxtest/cxxtest/TestRunner.h
FN:37,_ZN7CxxTest10TestRunner11runAllTestsERNS_12TestListenerE
FN:55,_ZN7CxxTest10TestRunner8runWorldEv
FN:76,_ZN7CxxTest10TestRunner8runSuiteERNS_16SuiteDescriptionE
FN:96,_ZN7CxxTest10TestRunner7runTestERNS_15TestDescriptionE
FN:117,_ZN7CxxTest10TestRunner10StateGuardC1Ev
FN:117,_ZN7CxxTest10TestRunner10StateGuardC2Ev
FN:125,_ZN7CxxTest10TestRunner10StateGuardD1Ev
FN:125,_ZN7CxxTest10TestRunner10StateGuardD2Ev
FN:134,_ZN7CxxTest10TestRunner10WorldGuardD1Ev
FN:134,_ZN7CxxTest10TestRunner10WorldGuardD2Ev
FN:137,_ZN7CxxTest10TestRunner10WorldGuardC1Ev
FN:137,_ZN7CxxTest10TestRunner10WorldGuardC2Ev
FNDA:1,_ZN7CxxTest10TestRunner11runAllTestsERNS_12TestListenerE
FNDA:1,_ZN7CxxTest10TestRunner8runWorldEv
FNDA:1,_ZN7CxxTest10TestRunner8runSuiteERNS_16SuiteDescriptionE
FNDA:5,_ZN7CxxTest10TestRunner7runTestERNS_15TestDescriptionE
FNDA:7,_ZN7CxxTest10TestRunner10StateGuardC2Ev
FNDA:6,_ZN7CxxTest10TestRunner10StateGuardC1Ev
FNDA:7,_ZN7CxxTest10TestRunner10StateGuardD2Ev
FNDA:6,_ZN7CxxTest10TestRunner10StateGuardD1Ev
FNDA:1,_ZN7CxxTest10TestRunner10WorldGuardD1Ev
FNDA:1,_ZN7CxxTest10TestRunner10WorldGuardD2Ev
FNDA:1,_ZN7CxxTest10TestRunner10WorldGuardC1Ev
FNDA:1,_ZN7CxxTest10TestRunner10WorldGuardC2Ev
FNF:12
FNH:12
DA:39,1
DA:40,1
DA:42,1
DA:43,1
DA:57,1
DA:58,1
DA:60,2
DA:61,2
DA:63,6
DA:65,2
DA:67,1
DA:68,1
DA:69,1
DA:71,1
DA:72,1
DA:73,2
DA:74,1
DA:78,1
DA:80,2
DA:81,2
DA:83,18
DA:85,10
DA:87,5
DA:88,5
DA:89,5
DA:91,1
DA:92,1
DA:93,2
DA:94,1
DA:98,5
DA:100,10
DA:101,10
DA:103,5
DA:104,5
DA:105,5
DA:106,10
DA:107,5
DA:118,6
DA:122,7
DA:123,13
DA:126,6
DA:130,7
DA:131,13
DA:134,2
DA:137,1
DA:138,2
DA:142,1
DA:143,2
LF:48
LH:48
end_of_record
SF:/Users/alexsevy/ErrorX/unit_test/cxxtest/cxxtest/TestSuite.cpp
FN:25,_ZN7CxxTest9TestSuiteD1Ev
FN:25,_ZN7CxxTest9TestSuiteD0Ev
FN:25,_ZN7CxxTest9TestSuiteD2Ev
FN:26,_ZN7CxxTest9TestSuite5setUpEv
FN:27,_ZN7CxxTest9TestSuite8tearDownEv
FN:34,_ZN7CxxTest15abortTestOnFailEv
FN:39,_ZN7CxxTest18setAbortTestOnFailEb
FN:44,_ZN7CxxTest11doAbortTestEv
FN:59,_ZN7CxxTest11maxDumpSizeEv
FN:64,_ZN7CxxTest14setMaxDumpSizeEj
FN:72,_ZN7CxxTest7doTraceEPKciS1_
FN:80,_ZN7CxxTest6doWarnEPKciS1_
FN:91,_ZN7CxxTest10doSkipTestEPKciS1_
FN:97,_ZN7CxxTest10doFailTestEPKciS1_
FN:103,_ZN7CxxTest12doFailAssertEPKciS1_S1_
FN:114,_ZN7CxxTest8sameDataEPKvS1_j
FN:144,_ZN7CxxTest16doAssertSameDataEPKciS1_PKvS1_S3_S1_jS1_
FN:162,_ZN7CxxTest9sameFilesEPKcS1_RNSt3__119basic_ostringstreamIcNS2_11char_traitsIcEENS2_9allocatorIcEEEE
FN:258,_ZN7CxxTest17doAssertSameFilesEPKciS1_S1_S1_
FN:279,_ZN7CxxTest18doFailAssertThrowsEPKciS1_S1_bS1_S1_
FN:298,_ZN7CxxTest21doFailAssertThrowsNotEPKciS1_S1_S1_
FNDA:1,_ZN7CxxTest9TestSuiteD2Ev
FNDA:0,_ZN7CxxTest9TestSuiteD1Ev
FNDA:0,_ZN7CxxTest9TestSuiteD0Ev
FNDA:5,_ZN7CxxTest9TestSuite5setUpEv
FNDA:5,_ZN7CxxTest9TestSuite8tearDownEv
FNDA:0,_ZN7CxxTest15abortTestOnFailEv
FNDA:0,_ZN7CxxTest18setAbortTestOnFailEb
FNDA:0,_ZN7CxxTest11doAbortTestEv
FNDA:7,_ZN7CxxTest11maxDumpSizeEv
FNDA:8,_ZN7CxxTest14setMaxDumpSizeEj
FNDA:0,_ZN7CxxTest7doTraceEPKciS1_
FNDA:0,_ZN7CxxTest6doWarnEPKciS1_
FNDA:0,_ZN7CxxTest10doSkipTestEPKciS1_
FNDA:0,_ZN7CxxTest10doFailTestEPKciS1_
FNDA:0,_ZN7CxxTest12doFailAssertEPKciS1_S1_
FNDA:0,_ZN7CxxTest8sameDataEPKvS1_j
FNDA:0,_ZN7CxxTest16doAssertSameDataEPKciS1_PKvS1_S3_S1_jS1_
FNDA:0,_ZN7CxxTest9sameFilesEPKcS1_RNSt3__119basic_ostringstreamIcNS2_11char_traitsIcEENS2_9allocatorIcEEEE
FNDA:0,_ZN7CxxTest17doAssertSameFilesEPKciS1_S1_S1_
FNDA:0,_ZN7CxxTest18doFailAssertThrowsEPKciS1_S1_bS1_S1_
FNDA:0,_ZN7CxxTest21doFailAssertThrowsNotEPKciS1_S1_S1_
FNF:21
FNH:5
DA:25,1
DA:26,5
DA:27,5
DA:36,0
DA:41,0
DA:42,0
DA:52,0
DA:61,14
DA:66,8
DA:67,8
DA:74,0
DA:76,0
DA:77,0
DA:78,0
DA:82,0
DA:83,0
DA:93,0
DA:95,0
DA:99,0
DA:100,0
DA:101,0
DA:106,0
DA:108,0
DA:109,0
DA:110,0
DA:111,0
DA:112,0
DA:116,0
DA:118,0
DA:121,0
DA:123,0
DA:126,0
DA:128,0
DA:131,0
DA:132,0
DA:133,0
DA:135,0
DA:137,0
DA:141,0
DA:142,0
DA:150,0
DA:152,0
DA:154,0
DA:155,0
DA:156,0
DA:157,0
DA:158,0
DA:159,0
DA:164,0
DA:165,0
DA:166,0
DA:167,0
DA:169,0
DA:170,0
DA:171,0
DA:172,0
DA:173,0
DA:175,0
DA:176,0
DA:178,0
DA:180,0
DA:181,0
DA:184,0
DA:186,0
DA:188,0
DA:189,0
DA:190,0
DA:191,0
DA:193,0
DA:194,0
DA:195,0
DA:196,0
DA:198,0
DA:199,0
DA:201,0
DA:202,0
DA:204,0
DA:206,0
DA:207,0
DA:208,0
DA:209,0
DA:211,0
DA:212,0
DA:214,0
DA:215,0
DA:217,0
DA:219,0
DA:220,0
DA:222,0
DA:223,0
DA:224,0
DA:226,0
DA:227,0
DA:229,0
DA:231,0
DA:232,0
DA:233,0
DA:235,0
DA:236,0
DA:238,0
DA:240,0
DA:242,0
DA:244,0
DA:245,0
DA:246,0
DA:247,0
DA:248,0
DA:249,0
DA:252,0
DA:255,0
DA:263,0
DA:264,0
DA:266,0
DA:268,0
DA:269,0
DA:270,0
DA:271,0
DA:272,0
DA:277,0
DA:285,0
DA:287,0
DA:288,0
DA:289,0
DA:291,0
DA:292,0
DA:294,0
DA:295,0
DA:296,0
DA:302,0
DA:304,0
DA:305,0
DA:306,0
DA:308,0
DA:309,0
DA:311,0
DA:312,0
DA:313,0
LF:137
LH:6
end_of_record
SF:/Users/alexsevy/ErrorX/unit_test/cxxtest/cxxtest/TestSuite.h
FN:35,_ZN7CxxTest9TestSuiteC2Ev
FN:63,_ZN7CxxTest6equalsINSt3__112basic_stringIcNS1_11char_traitsIcEENS1_9allocatorIcEEEES7_E4testES7_S7_
FN:63,_ZN7CxxTest6equalsINSt3__112basic_stringIcNS1_11char_traitsIcEENS1_9allocatorIcEEEEPKcE4testES7_S9_
FN:134,_ZN7CxxTest14doAssertEqualsINSt3__112basic_stringIcNS1_11char_traitsIcEENS1_9allocatorIcEEEEPKcEEvS9_iS9_T_S9_T0_S9_
FN:134,_ZN7CxxTest14doAssertEqualsINSt3__112basic_stringIcNS1_11char_traitsIcEENS1_9allocatorIcEEEES7_EEvPKciS9_T_S9_T0_S9_
FN:217,_ZN7CxxTest14lessThanEqualsIddE4testEdd
FN:278,_ZN7CxxTest15delta_le_helperIddEEbT_T0_
FN:286,_ZN7CxxTest5deltaIdddE4testEddd
FN:294,_ZN7CxxTest13doAssertDeltaIdddEEvPKciS2_T_S2_T0_S2_T1_S2_
FNDA:1,_ZN7CxxTest9TestSuiteC2Ev
FNDA:18,_ZN7CxxTest6equalsINSt3__112basic_stringIcNS1_11char_traitsIcEENS1_9allocatorIcEEEEPKcE4testES7_S9_
FNDA:6,_ZN7CxxTest6equalsINSt3__112basic_stringIcNS1_11char_traitsIcEENS1_9allocatorIcEEEES7_E4testES7_S7_
FNDA:18,_ZN7CxxTest14doAssertEqualsINSt3__112basic_stringIcNS1_11char_traitsIcEENS1_9allocatorIcEEEEPKcEEvS9_iS9_T_S9_T0_S9_
FNDA:6,_ZN7CxxTest14doAssertEqualsINSt3__112basic_stringIcNS1_11char_traitsIcEENS1_9allocatorIcEEEES7_EEvPKciS9_T_S9_T0_S9_
FNDA:110,_ZN7CxxTest14lessThanEqualsIddE4testEdd
FNDA:110,_ZN7CxxTest15delta_le_helperIddEEbT_T0_
FNDA:55,_ZN7CxxTest5deltaIdddE4testEddd
FNDA:55,_ZN7CxxTest13doAssertDeltaIdddEEvPKciS2_T_S2_T0_S2_T1_S2_
FNF:9
FNH:9
DA:35,1
DA:65,30
DA:139,54
DA:141,0
DA:143,0
DA:144,0
DA:145,0
DA:146,0
DA:147,0
DA:148,24
DA:219,110
DA:280,110
DA:288,165
DA:300,55
DA:302,0
DA:304,0
DA:305,0
DA:307,0
DA:308,0
DA:309,0
DA:310,0
DA:311,55
LF:22
LH:9
end_of_record
SF:/Users/alexsevy/ErrorX/unit_test/cxxtest/cxxtest/TestTracker.cpp
FN:22,_ZN7CxxTest11TestTrackerC2Ev
FN:22,_ZN7CxxTest11TestTrackerC1Ev
FN:32,_ZN7CxxTest11TestTrackerD0Ev
FN:32,_ZN7CxxTest11TestTrackerD1Ev
FN:32,_ZN7CxxTest11TestTrackerD2Ev
FN:36,_ZN7CxxTest11TestTracker7trackerEv
FN:42,_ZN7CxxTest11TestTracker10initializeEv
FN:56,_ZNK7CxxTest11TestTracker7fixTestEPKNS_15TestDescriptionE
FN:61,_ZNK7CxxTest11TestTracker8fixSuiteEPKNS_16SuiteDescriptionE
FN:66,_ZNK7CxxTest11TestTracker8fixWorldEPKNS_16WorldDescriptionE
FN:71,_ZNK7CxxTest11TestTracker9dummyTestEv
FN:76,_ZNK7CxxTest11TestTracker10dummySuiteEv
FN:81,_ZNK7CxxTest11TestTracker10dummyWorldEv
FN:86,_ZN7CxxTest11TestTracker11setListenerEPNS_12TestListenerE
FN:91,_ZN7CxxTest11TestTracker10enterWorldERKNS_16WorldDescriptionE
FN:99,_ZN7CxxTest11TestTracker10enterSuiteERKNS_16SuiteDescriptionE
FN:107,_ZN7CxxTest11TestTracker9enterTestERKNS_15TestDescriptionE
FN:115,_ZN7CxxTest11TestTracker9leaveTestERKNS_15TestDescriptionE
FN:121,_ZN7CxxTest11TestTracker10leaveSuiteERKNS_16SuiteDescriptionE
FN:127,_ZN7CxxTest11TestTracker10leaveWorldERKNS_16WorldDescriptionE
FN:133,_ZN7CxxTest11TestTracker5traceEPKciS2_
FN:138,_ZN7CxxTest11TestTracker7warningEPKciS2_
FN:144,_ZN7CxxTest11TestTracker11skippedTestEPKciS2_
FN:151,_ZN7CxxTest11TestTracker10failedTestEPKciS2_
FN:157,_ZN7CxxTest11TestTracker12failedAssertEPKciS2_
FN:163,_ZN7CxxTest11TestTracker18failedAssertEqualsEPKciS2_S2_S2_S2_
FN:171,_ZN7CxxTest11TestTracker20failedAssertSameDataEPKciS2_S2_S2_PKvS4_j
FN:180,_ZN7CxxTest11TestTracker17failedAssertDeltaEPKciS2_S2_S2_S2_S2_S2_
FN:188,_ZN7CxxTest11TestTracker19failedAssertDiffersEPKciS2_S2_S2_
FN:196,_ZN7CxxTest11TestTracker20failedAssertLessThanEPKciS2_S2_S2_S2_
FN:204,_ZN7CxxTest11TestTracker26failedAssertLessThanEqualsEPKciS2_S2_S2_S2_
FN:212,_ZN7CxxTest11TestTracker21failedAssertPredicateEPKciS2_S2_S2_
FN:219,_ZN7CxxTest11TestTracker20failedAssertRelationEPKciS2_S2_S2_S2_S2_
FN:227,_ZN7CxxTest11TestTracker18failedAssertThrowsEPKciS2_S2_b
FN:235,_ZN7CxxTest11TestTracker21failedAssertThrowsNotEPKciS2_
FN:241,_ZN7CxxTest11TestTracker21failedAssertSameFilesEPKciS2_S2_S2_
FN:247,_ZN7CxxTest11TestTracker8setWorldEPKNS_16WorldDescriptionE
FN:253,_ZN7CxxTest11TestTracker8setSuiteEPKNS_16SuiteDescriptionE
FN:259,_ZN7CxxTest11TestTracker7setTestEPKNS_15TestDescriptionE
FN:264,_ZN7CxxTest11TestTracker12countWarningEv
FN:269,_ZN7CxxTest11TestTracker12countSkippedEv
FN:274,_ZN7CxxTest11TestTracker12countFailureEv
FNDA:1,_ZN7CxxTest11TestTrackerC2Ev
FNDA:1,_ZN7CxxTest11TestTrackerC1Ev
FNDA:1,_ZN7CxxTest11TestTrackerD2Ev
FNDA:1,_ZN7CxxTest11TestTrackerD1Ev
FNDA:0,_ZN7CxxTest11TestTrackerD0Ev
FNDA:29,_ZN7CxxTest11TestTracker7trackerEv
FNDA:1,_ZN7CxxTest11TestTracker10initializeEv
FNDA:14,_ZNK7CxxTest11TestTracker7fixTestEPKNS_15TestDescriptionE
FNDA:4,_ZNK7CxxTest11TestTracker8fixSuiteEPKNS_16SuiteDescriptionE
FNDA:2,_ZNK7CxxTest11TestTracker8fixWorldEPKNS_16WorldDescriptionE
FNDA:9,_ZNK7CxxTest11TestTracker9dummyTestEv
FNDA:12,_ZNK7CxxTest11TestTracker10dummySuiteEv
FNDA:13,_ZNK7CxxTest11TestTracker10dummyWorldEv
FNDA:3,_ZN7CxxTest11TestTracker11setListenerEPNS_12TestListenerE
FNDA:1,_ZN7CxxTest11TestTracker10enterWorldERKNS_16WorldDescriptionE
FNDA:1,_ZN7CxxTest11TestTracker10enterSuiteERKNS_16SuiteDescriptionE
FNDA:5,_ZN7CxxTest11TestTracker9enterTestERKNS_15TestDescriptionE
FNDA:5,_ZN7CxxTest11TestTracker9leaveTestERKNS_15TestDescriptionE
FNDA:1,_ZN7CxxTest11TestTracker10leaveSuiteERKNS_16SuiteDescriptionE
FNDA:1,_ZN7CxxTest11TestTracker10leaveWorldERKNS_16WorldDescriptionE
FNDA:0,_ZN7CxxTest11TestTracker5traceEPKciS2_
FNDA:0,_ZN7CxxTest11TestTracker7warningEPKciS2_
FNDA:0,_ZN7CxxTest11TestTracker11skippedTestEPKciS2_
FNDA:0,_ZN7CxxTest11TestTracker10failedTestEPKciS2_
FNDA:0,_ZN7CxxTest11TestTracker12failedAssertEPKciS2_
FNDA:0,_ZN7CxxTest11TestTracker18failedAssertEqualsEPKciS2_S2_S2_S2_
FNDA:0,_ZN7CxxTest11TestTracker20failedAssertSameDataEPKciS2_S2_S2_PKvS4_j
FNDA:0,_ZN7CxxTest11TestTracker17failedAssertDeltaEPKciS2_S2_S2_S2_S2_S2_
FNDA:0,_ZN7CxxTest11TestTracker19failedAssertDiffersEPKciS2_S2_S2_
FNDA:0,_ZN7CxxTest11TestTracker20failedAssertLessThanEPKciS2_S2_S2_S2_
FNDA:0,_ZN7CxxTest11TestTracker26failedAssertLessThanEqualsEPKciS2_S2_S2_S2_
FNDA:0,_ZN7CxxTest11TestTracker21failedAssertPredicateEPKciS2_S2_S2_
FNDA:0,_ZN7CxxTest11TestTracker20failedAssertRelationEPKciS2_S2_S2_S2_S2_
FNDA:0,_ZN7CxxTest11TestTracker18failedAssertThrowsEPKciS2_S2_b
FNDA:0,_ZN7CxxTest11TestTracker21failedAssertThrowsNotEPKciS2_
FNDA:0,_ZN7CxxTest11TestTracker21failedAssertSameFilesEPKciS2_S2_S2_
FNDA:2,_ZN7CxxTest11TestTracker8setWorldEPKNS_16WorldDescriptionE
FNDA:4,_ZN7CxxTest11TestTracker8setSuiteEPKNS_16SuiteDescriptionE
FNDA:14,_ZN7CxxTest11TestTracker7setTestEPKNS_15TestDescriptionE
FNDA:0,_ZN7CxxTest11TestTracker12countWarningEv
FNDA:0,_ZN7CxxTest11TestTracker12countSkippedEv
FNDA:0,_ZN7CxxTest11TestTracker12countFailureEv
FNF:42
FNH:22
DA:22,3
DA:23,3
DA:24,1
DA:26,1
DA:27,1
DA:28,1
DA:29,1
DA:30,2
DA:33,1
DA:34,2
DA:38,61
DA:39,29
DA:40,0
DA:44,1
DA:45,1
DA:46,1
DA:47,1
DA:48,1
DA:49,1
DA:50,1
DA:51,1
DA:52,1
DA:53,1
DA:54,1
DA:58,42
DA:63,12
DA:68,6
DA:73,9
DA:78,12
DA:83,13
DA:88,9
DA:89,3
DA:93,1
DA:94,1
DA:95,1
DA:96,1
DA:97,1
DA:101,1
DA:102,1
DA:103,1
DA:104,1
DA:105,1
DA:109,5
DA:110,5
DA:111,5
DA:112,5
DA:113,5
DA:117,5
DA:118,5
DA:119,5
DA:123,1
DA:124,1
DA:125,1
DA:129,1
DA:130,1
DA:131,1
DA:135,0
DA:136,0
DA:140,0
DA:141,0
DA:142,0
DA:146,0
DA:147,0
DA:148,0
DA:149,0
DA:153,0
DA:154,0
DA:155,0
DA:159,0
DA:160,0
DA:161,0
DA:167,0
DA:168,0
DA:169,0
DA:176,0
DA:177,0
DA:178,0
DA:184,0
DA:185,0
DA:186,0
DA:192,0
DA:193,0
DA:194,0
DA:200,0
DA:201,0
DA:202,0
DA:208,0
DA:209,0
DA:210,0
DA:215,0
DA:216,0
DA:217,0
DA:223,0
DA:224,0
DA:225,0
DA:231,0
DA:232,0
DA:233,0
DA:237,0
DA:238,0
DA:239,0
DA:243,0
DA:244,0
DA:245,0
DA:249,2
DA:250,2
DA:251,2
DA:255,4
DA:256,4
DA:257,4
DA:261,14
DA:262,14
DA:266,0
DA:267,0
DA:271,0
DA:272,0
DA:276,0
DA:278,0
DA:279,0
DA:281,0
DA:282,0
DA:283,0
DA:284,0
LF:123
LH:63
end_of_record
SF:/Users/alexsevy/ErrorX/unit_test/cxxtest/cxxtest/TestTracker.h
FN:40,_ZNK7CxxTest11TestTracker4testEv
FN:41,_ZNK7CxxTest11TestTracker5suiteEv
FN:42,_ZNK7CxxTest11TestTracker5worldEv
FN:44,_ZNK7CxxTest11TestTracker11testSkippedEv
FN:45,_ZNK7CxxTest11TestTracker10testFailedEv
FN:50,_ZNK7CxxTest11TestTracker12skippedTestsEv
FN:51,_ZNK7CxxTest11TestTracker11failedTestsEv
FN:52,_ZNK7CxxTest11TestTracker17testFailedAssertsEv
FN:130,_ZN7CxxTest7trackerEv
FNDA:0,_ZNK7CxxTest11TestTracker4testEv
FNDA:0,_ZNK7CxxTest11TestTracker5suiteEv
FNDA:1,_ZNK7CxxTest11TestTracker5worldEv
FNDA:5,_ZNK7CxxTest11TestTracker11testSkippedEv
FNDA:5,_ZNK7CxxTest11TestTracker10testFailedEv
FNDA:0,_ZNK7CxxTest11TestTracker12skippedTestsEv
FNDA:2,_ZNK7CxxTest11TestTracker11failedTestsEv
FNDA:5,_ZNK7CxxTest11TestTracker17testFailedAssertsEv
FNDA:29,_ZN7CxxTest7trackerEv
FNF:9
FNH:6
DA:40,0
DA:41,0
DA:42,1
DA:44,5
DA:45,5
DA:50,0
DA:51,2
DA:52,5
DA:130,58
LF:9
LH:6
end_of_record
SF:/Users/alexsevy/ErrorX/unit_test/cxxtest/cxxtest/ValueTraits.cpp
FN:23,_ZN7CxxTest11digitToCharEj
FN:36,_ZN7CxxTest9byteToHexEh
FN:45,_ZN7CxxTest10copyStringEPcPKc
FN:55,_ZN7CxxTest12stringsEqualEPKcS1_
FN:68,_ZN7CxxTest12charToStringEmPc
FN:101,_ZN7CxxTest12charToStringEcPc
FN:106,_ZN7CxxTest13bytesToStringEPKhjjPc
FN:127,_ZN7CxxTest11ValueTraitsIKdE20requiredDigitsOnLeftEd
FN:137,_ZN7CxxTest11ValueTraitsIKdE10doNegativeERd
FN:148,_ZN7CxxTest11ValueTraitsIKdE10hugeNumberEd
FN:158,_ZN7CxxTest11ValueTraitsIKdE12normalNumberEd
FN:169,_ZN7CxxTest11ValueTraitsIKdE15nonFiniteNumberEd
FN:188,_ZN7CxxTest11ValueTraitsIKdE14doubleToStringEdPcjj
FNDA:1,_ZN7CxxTest11digitToCharEj
FNDA:0,_ZN7CxxTest9byteToHexEh
FNDA:0,_ZN7CxxTest10copyStringEPcPKc
FNDA:0,_ZN7CxxTest12stringsEqualEPKcS1_
FNDA:0,_ZN7CxxTest12charToStringEmPc
FNDA:0,_ZN7CxxTest12charToStringEcPc
FNDA:0,_ZN7CxxTest13bytesToStringEPKhjjPc
FNDA:0,_ZN7CxxTest11ValueTraitsIKdE20requiredDigitsOnLeftEd
FNDA:0,_ZN7CxxTest11ValueTraitsIKdE10doNegativeERd
FNDA:0,_ZN7CxxTest11ValueTraitsIKdE10hugeNumberEd
FNDA:0,_ZN7CxxTest11ValueTraitsIKdE12normalNumberEd
FNDA:0,_ZN7CxxTest11ValueTraitsIKdE15nonFiniteNumberEd
FNDA:0,_ZN7CxxTest11ValueTraitsIKdE14doubleToStringEdPcjj
FNF:13
FNH:1
DA:25,1
DA:27,1
DA:29,0
DA:31,0
DA:33,0
DA:34,1
DA:39,0
DA:40,0
DA:41,0
DA:42,0
DA:47,0
DA:49,0
DA:50,0
DA:52,0
DA:58,0
DA:60,0
DA:62,0
DA:65,0
DA:66,0
DA:70,0
DA:72,0
DA:73,0
DA:74,0
DA:75,0
DA:76,0
DA:77,0
DA:78,0
DA:79,0
DA:80,0
DA:82,0
DA:84,0
DA:85,0
DA:86,0
DA:90,0
DA:91,0
DA:92,0
DA:94,0
DA:95,0
DA:96,0
DA:97,0
DA:99,0
DA:103,0
DA:108,0
DA:109,0
DA:111,0
DA:112,0
DA:114,0
DA:115,0
DA:117,0
DA:118,0
DA:119,0
DA:121,0
DA:122,0
DA:123,0
DA:129,0
DA:130,0
DA:132,0
DA:133,0
DA:134,0
DA:139,0
DA:141,0
DA:143,0
DA:144,0
DA:145,0
DA:146,0
DA:150,0
DA:151,0
DA:152,0
DA:153,0
DA:154,0
DA:155,0
DA:156,0
DA:160,0
DA:161,0
DA:162,0
DA:163,0
DA:165,0
DA:166,0
DA:167,0
DA:171,0
DA:172,0
DA:174,0
DA:175,0
DA:177,0
DA:179,0
DA:180,0
DA:181,0
DA:184,0
DA:185,0
DA:186,0
DA:190,0
LF:91
LH:3
end_of_record
SF:/Users/alexsevy/ErrorX/unit_test/cxxtest/cxxtest/ValueTraits.h
FN:106,_ZN7CxxTest6traitsIPKcEENS_11ValueTraitsIT_EES4_
FN:106,_ZN7CxxTest6traitsINSt3__112basic_stringIcNS1_11char_traitsIcEENS1_9allocatorIcEEEEEENS_11ValueTraitsIT_EES9_
FN:106,_ZN7CxxTest6traitsIdEENS_11ValueTraitsIT_EES2_
FN:136,_ZN7CxxTest8negativeIdEEbT_
FN:137,_ZN7CxxTest3absIdEET_S1_
FN:148,_ZN7CxxTest8negativeIjEEbT_
FN:148,_ZN7CxxTest3absIjEET_S1_
FN:149,_ZN7CxxTest3absImEET_S1_
FN:149,_ZN7CxxTest8negativeImEEbT_
FN:160,_ZN7CxxTest14numberToStringImEEPcT_S1_S2_jj
FN:160,_ZN7CxxTest14numberToStringIjEEPcT_S1_S2_jj
FN:160,_ZN7CxxTest14numberToStringIdEEPcT_S1_S2_jj
FN:207,_ZN7CxxTest11ValueTraitsIRKPKcEC2ES4_
FN:207,_ZN7CxxTest11ValueTraitsIRKPKcEC1ES4_
FN:209,_ZNK7CxxTest11ValueTraitsIRKPKcE8asStringEv
FN:234,_ZN7CxxTest11ValueTraitsIPKcEC2ES2_
FN:234,_ZN7CxxTest11ValueTraitsIPKcEC1ES2_
FN:234,_ZNK7CxxTest11ValueTraitsIPKcE8asStringEv
FN:359,_ZN7CxxTest11ValueTraitsIKdEC1Ed
FN:359,_ZN7CxxTest11ValueTraitsIKdEC2Ed
FN:375,_ZNK7CxxTest11ValueTraitsIKdE8asStringEv
FN:389,_ZNK7CxxTest11ValueTraitsIdE8asStringEv
FN:389,_ZN7CxxTest11ValueTraitsIdEC1Ed
FN:389,_ZN7CxxTest11ValueTraitsIdEC2Ed
FNDA:0,_ZN7CxxTest6traitsINSt3__112basic_stringIcNS1_11char_traitsIcEENS1_9allocatorIcEEEEEENS_11ValueTraitsIT_EES9_
FNDA:0,_ZN7CxxTest6traitsIPKcEENS_11ValueTraitsIT_EES4_
FNDA:0,_ZN7CxxTest6traitsIdEENS_11ValueTraitsIT_EES2_
FNDA:0,_ZN7CxxTest8negativeIdEEbT_
FNDA:0,_ZN7CxxTest3absIdEET_S1_
FNDA:1,_ZN7CxxTest8negativeIjEEbT_
FNDA:0,_ZN7CxxTest3absIjEET_S1_
FNDA:0,_ZN7CxxTest8negativeImEEbT_
FNDA:0,_ZN7CxxTest3absImEET_S1_
FNDA:0,_ZN7CxxTest14numberToStringImEEPcT_S1_S2_jj
FNDA:1,_ZN7CxxTest14numberToStringIjEEPcT_S1_S2_jj
FNDA:0,_ZN7CxxTest14numberToStringIdEEPcT_S1_S2_jj
FNDA:0,_ZN7CxxTest11ValueTraitsIRKPKcEC1ES4_
FNDA:0,_ZN7CxxTest11ValueTraitsIRKPKcEC2ES4_
FNDA:0,_ZNK7CxxTest11ValueTraitsIRKPKcE8asStringEv
FNDA:0,_ZNK7CxxTest11ValueTraitsIPKcE8asStringEv
FNDA:0,_ZN7CxxTest11ValueTraitsIPKcEC1ES2_
FNDA:0,_ZN7CxxTest11ValueTraitsIPKcEC2ES2_
FNDA:0,_ZN7CxxTest11ValueTraitsIKdEC1Ed
FNDA:0,_ZN7CxxTest11ValueTraitsIKdEC2Ed
FNDA:0,_ZNK7CxxTest11ValueTraitsIKdE8asStringEv
FNDA:0,_ZNK7CxxTest11ValueTraitsIdE8asStringEv
FNDA:0,_ZN7CxxTest11ValueTraitsIdEC1Ed
FNDA:0,_ZN7CxxTest11ValueTraitsIdEC2Ed
FNF:24
FNH:2
DA:108,0
DA:109,0
DA:136,0
DA:137,0
DA:148,1
DA:149,0
DA:165,1
DA:167,0
DA:168,0
DA:169,0
DA:171,1
DA:172,2
DA:174,0
DA:177,4
DA:179,0
DA:180,0
DA:181,7
DA:183,1
DA:184,1
DA:186,1
DA:187,1
DA:207,0
DA:209,0
DA:234,0
DA:360,0
DA:361,0
DA:363,0
DA:364,0
DA:365,0
DA:367,0
DA:368,0
DA:371,0
DA:373,0
DA:375,0
DA:389,0
LF:35
LH:10
end_of_record
